<?xml version="1.0" encoding="UTF-8"?>
<testsuite name="com.quark.module.CorsSampleActuatorApplicationTests" time="6.755" tests="3" errors="3" skipped="0" failures="0">
  <properties>
    <property name="idea.version" value="2016.1.1"/>
    <property name="java.runtime.name" value="Java(TM) SE Runtime Environment"/>
    <property name="sun.boot.library.path" value="C:\Program Files\Java\jdk1.8.0_144\jre\bin"/>
    <property name="java.vm.version" value="25.144-b01"/>
    <property name="java.vm.vendor" value="Oracle Corporation"/>
    <property name="maven.multiModuleProjectDirectory" value="D:\idea workspace"/>
    <property name="java.vendor.url" value="http://java.oracle.com/"/>
    <property name="path.separator" value=";"/>
    <property name="guice.disable.misplaced.annotation.check" value="true"/>
    <property name="java.vm.name" value="Java HotSpot(TM) 64-Bit Server VM"/>
    <property name="file.encoding.pkg" value="sun.io"/>
    <property name="idea.launcher.port" value="7533"/>
    <property name="user.script" value=""/>
    <property name="user.country" value="CN"/>
    <property name="sun.java.launcher" value="SUN_STANDARD"/>
    <property name="sun.os.patch.level" value="Service Pack 1"/>
    <property name="java.vm.specification.name" value="Java Virtual Machine Specification"/>
    <property name="user.dir" value="D:\idea workspace\spring-boot-module-master"/>
    <property name="java.runtime.version" value="1.8.0_144-b01"/>
    <property name="java.awt.graphicsenv" value="sun.awt.Win32GraphicsEnvironment"/>
    <property name="java.endorsed.dirs" value="C:\Program Files\Java\jdk1.8.0_144\jre\lib\endorsed"/>
    <property name="os.arch" value="amd64"/>
    <property name="java.io.tmpdir" value="C:\Users\ZHENPE~1\AppData\Local\Temp\"/>
    <property name="line.separator" value="&#10;"/>
    <property name="java.vm.specification.vendor" value="Oracle Corporation"/>
    <property name="user.variant" value=""/>
    <property name="os.name" value="Windows 7"/>
    <property name="classworlds.conf" value="D:\java\apache-maven-3.5.0\bin\m2.conf"/>
    <property name="sun.jnu.encoding" value="GBK"/>
    <property name="java.library.path" value="C:\Program Files\Java\jdk1.8.0_144\bin;C:\Windows\Sun\Java\bin;C:\Windows\system32;C:\Windows;D:\java\consul;C:\Program Files\erl8.1\bin;D:\java\RabbitMQ\rabbitmq_server-3.6.12\sbin;D:\java\instantclient_11_2;D:\java\apache-maven-3.5.0\bin;C:\Program Files\Java\jdk1.8.0_144\bin;C:\ProgramData\Oracle\Java\javapath;C:\Windows\system32;C:\Windows;C:\Windows\System32\Wbem;C:\Windows\System32\WindowsPowerShell\v1.0\;D:\java\tortoiseSvn\bin;D:\java\instantclient_11_2;D:\java\Git\cmd;C:\Users\zhenpenglu\AppData\Local\Programs\Fiddler;C:\Users\zhenpenglu\AppData\Local\GitHubDesktop\bin;D:\program\Fiddler;."/>
    <property name="maven.conf" value="D:\java\apache-maven-3.5.0/conf"/>
    <property name="java.specification.name" value="Java Platform API Specification"/>
    <property name="java.class.version" value="52.0"/>
    <property name="sun.management.compiler" value="HotSpot 64-Bit Tiered Compilers"/>
    <property name="maven.repo.local" value="D:\idea repository"/>
    <property name="os.version" value="6.1"/>
    <property name="library.jansi.path" value="D:\java\apache-maven-3.5.0\lib\jansi-native\windows64"/>
    <property name="user.home" value="C:\Users\zhenpenglu"/>
    <property name="user.timezone" value="Asia/Shanghai"/>
    <property name="java.awt.printerjob" value="sun.awt.windows.WPrinterJob"/>
    <property name="java.specification.version" value="1.8"/>
    <property name="idea.launcher.bin.path" value="D:\java\IntelliJ IDEA 2016.1.1\bin"/>
    <property name="file.encoding" value="UTF-8"/>
    <property name="user.name" value="ZhenpengLu"/>
    <property name="java.class.path" value="D:\java\apache-maven-3.5.0\boot\plexus-classworlds-2.5.2.jar;D:\java\IntelliJ IDEA 2016.1.1\lib\idea_rt.jar"/>
    <property name="java.vm.specification.version" value="1.8"/>
    <property name="sun.arch.data.model" value="64"/>
    <property name="java.home" value="C:\Program Files\Java\jdk1.8.0_144\jre"/>
    <property name="sun.java.command" value="com.intellij.rt.execution.application.AppMain org.codehaus.classworlds.Launcher -Didea.version=2016.1.1 -s D:\java\apache-maven-3.5.0\conf\settings.xml -Dmaven.repo.local=D:\idea repository package"/>
    <property name="java.specification.vendor" value="Oracle Corporation"/>
    <property name="user.language" value="zh"/>
    <property name="awt.toolkit" value="sun.awt.windows.WToolkit"/>
    <property name="java.vm.info" value="mixed mode"/>
    <property name="java.version" value="1.8.0_144"/>
    <property name="java.ext.dirs" value="C:\Program Files\Java\jdk1.8.0_144\jre\lib\ext;C:\Windows\Sun\Java\lib\ext"/>
    <property name="sun.boot.class.path" value="C:\Program Files\Java\jdk1.8.0_144\jre\lib\resources.jar;C:\Program Files\Java\jdk1.8.0_144\jre\lib\rt.jar;C:\Program Files\Java\jdk1.8.0_144\jre\lib\sunrsasign.jar;C:\Program Files\Java\jdk1.8.0_144\jre\lib\jsse.jar;C:\Program Files\Java\jdk1.8.0_144\jre\lib\jce.jar;C:\Program Files\Java\jdk1.8.0_144\jre\lib\charsets.jar;C:\Program Files\Java\jdk1.8.0_144\jre\lib\jfr.jar;C:\Program Files\Java\jdk1.8.0_144\jre\classes"/>
    <property name="java.vendor" value="Oracle Corporation"/>
    <property name="maven.home" value="D:\java\apache-maven-3.5.0"/>
    <property name="file.separator" value="\"/>
    <property name="java.vendor.url.bug" value="http://bugreport.sun.com/bugreport/"/>
    <property name="sun.cpu.endian" value="little"/>
    <property name="sun.io.unicode.encoding" value="UnicodeLittle"/>
    <property name="sun.desktop" value="windows"/>
    <property name="sun.cpu.isalist" value="amd64"/>
  </properties>
  <testcase name="endpointShouldReturnUnauthorized" classname="com.quark.module.CorsSampleActuatorApplicationTests" time="2.699">
    <error message="I/O error on GET request for &quot;http://localhost:8080/actuator/env&quot;: Connect to localhost:8080 [localhost/127.0.0.1, localhost/0:0:0:0:0:0:0:1] failed: Connection refused: connect; nested exception is org.apache.http.conn.HttpHostConnectException: Connect to localhost:8080 [localhost/127.0.0.1, localhost/0:0:0:0:0:0:0:1] failed: Connection refused: connect" type="org.springframework.web.client.ResourceAccessException">org.springframework.web.client.ResourceAccessException: I/O error on GET request for "http://localhost:8080/actuator/env": Connect to localhost:8080 [localhost/127.0.0.1, localhost/0:0:0:0:0:0:0:1] failed: Connection refused: connect; nested exception is org.apache.http.conn.HttpHostConnectException: Connect to localhost:8080 [localhost/127.0.0.1, localhost/0:0:0:0:0:0:0:1] failed: Connection refused: connect
	at java.net.DualStackPlainSocketImpl.connect0(Native Method)
	at java.net.DualStackPlainSocketImpl.socketConnect(DualStackPlainSocketImpl.java:79)
	at java.net.AbstractPlainSocketImpl.doConnect(AbstractPlainSocketImpl.java:350)
	at java.net.AbstractPlainSocketImpl.connectToAddress(AbstractPlainSocketImpl.java:206)
	at java.net.AbstractPlainSocketImpl.connect(AbstractPlainSocketImpl.java:188)
	at java.net.PlainSocketImpl.connect(PlainSocketImpl.java:172)
	at java.net.SocksSocketImpl.connect(SocksSocketImpl.java:392)
	at java.net.Socket.connect(Socket.java:589)
	at org.apache.http.conn.socket.PlainConnectionSocketFactory.connectSocket(PlainConnectionSocketFactory.java:75)
	at org.apache.http.impl.conn.DefaultHttpClientConnectionOperator.connect(DefaultHttpClientConnectionOperator.java:142)
	at org.apache.http.impl.conn.PoolingHttpClientConnectionManager.connect(PoolingHttpClientConnectionManager.java:359)
	at org.apache.http.impl.execchain.MainClientExec.establishRoute(MainClientExec.java:381)
	at org.apache.http.impl.execchain.MainClientExec.execute(MainClientExec.java:237)
	at org.apache.http.impl.execchain.ProtocolExec.execute(ProtocolExec.java:185)
	at org.apache.http.impl.execchain.RetryExec.execute(RetryExec.java:89)
	at org.apache.http.impl.execchain.RedirectExec.execute(RedirectExec.java:111)
	at org.apache.http.impl.client.InternalHttpClient.doExecute(InternalHttpClient.java:185)
	at org.apache.http.impl.client.CloseableHttpClient.execute(CloseableHttpClient.java:83)
	at org.apache.http.impl.client.CloseableHttpClient.execute(CloseableHttpClient.java:56)
	at org.springframework.http.client.HttpComponentsClientHttpRequest.executeInternal(HttpComponentsClientHttpRequest.java:89)
	at org.springframework.http.client.AbstractBufferingClientHttpRequest.executeInternal(AbstractBufferingClientHttpRequest.java:48)
	at org.springframework.http.client.AbstractClientHttpRequest.execute(AbstractClientHttpRequest.java:53)
	at org.springframework.web.client.RestTemplate.doExecute(RestTemplate.java:659)
	at org.springframework.web.client.RestTemplate.execute(RestTemplate.java:620)
	at org.springframework.web.client.RestTemplate.getForEntity(RestTemplate.java:319)
	at org.springframework.boot.test.web.client.TestRestTemplate.getForEntity(TestRestTemplate.java:240)
	at com.quark.module.CorsSampleActuatorApplicationTests.endpointShouldReturnUnauthorized(CorsSampleActuatorApplicationTests.java:63)
</error>
    <system-out><![CDATA[10:32:06.470 [main] DEBUG org.springframework.test.context.junit4.SpringJUnit4ClassRunner - SpringJUnit4ClassRunner constructor called with [class com.quark.module.CorsSampleActuatorApplicationTests]
10:32:06.475 [main] DEBUG org.springframework.test.context.BootstrapUtils - Instantiating CacheAwareContextLoaderDelegate from class [org.springframework.test.context.cache.DefaultCacheAwareContextLoaderDelegate]
10:32:06.511 [main] DEBUG org.springframework.test.context.BootstrapUtils - Instantiating BootstrapContext using constructor [public org.springframework.test.context.support.DefaultBootstrapContext(java.lang.Class,org.springframework.test.context.CacheAwareContextLoaderDelegate)]
10:32:06.531 [main] DEBUG org.springframework.test.context.BootstrapUtils - Instantiating TestContextBootstrapper for test class [com.quark.module.CorsSampleActuatorApplicationTests] from class [org.springframework.boot.test.context.SpringBootTestContextBootstrapper]
10:32:06.557 [main] INFO org.springframework.boot.test.context.SpringBootTestContextBootstrapper - Neither @ContextConfiguration nor @ContextHierarchy found for test class [com.quark.module.CorsSampleActuatorApplicationTests], using SpringBootContextLoader
10:32:06.561 [main] DEBUG org.springframework.test.context.support.AbstractContextLoader - Did not detect default resource location for test class [com.quark.module.CorsSampleActuatorApplicationTests]: class path resource [com/quark/module/CorsSampleActuatorApplicationTests-context.xml] does not exist
10:32:06.562 [main] DEBUG org.springframework.test.context.support.AbstractContextLoader - Did not detect default resource location for test class [com.quark.module.CorsSampleActuatorApplicationTests]: class path resource [com/quark/module/CorsSampleActuatorApplicationTestsContext.groovy] does not exist
10:32:06.562 [main] INFO org.springframework.test.context.support.AbstractContextLoader - Could not detect default resource locations for test class [com.quark.module.CorsSampleActuatorApplicationTests]: no resource found for suffixes {-context.xml, Context.groovy}.
10:32:06.562 [main] INFO org.springframework.test.context.support.AnnotationConfigContextLoaderUtils - Could not detect default configuration classes for test class [com.quark.module.CorsSampleActuatorApplicationTests]: CorsSampleActuatorApplicationTests does not declare any static, non-private, non-final, nested classes annotated with @Configuration.
10:32:06.660 [main] DEBUG org.springframework.core.env.StandardEnvironment - Adding PropertySource 'systemProperties' with lowest search precedence
10:32:06.660 [main] DEBUG org.springframework.core.env.StandardEnvironment - Adding PropertySource 'systemEnvironment' with lowest search precedence
10:32:06.661 [main] DEBUG org.springframework.core.env.StandardEnvironment - Initialized StandardEnvironment with PropertySources [MapPropertySource@289639718 {name='systemProperties', properties={idea.version=2016.1.1, java.runtime.name=Java(TM) SE Runtime Environment, sun.boot.library.path=C:\Program Files\Java\jdk1.8.0_144\jre\bin, java.vm.version=25.144-b01, java.vm.vendor=Oracle Corporation, java.vendor.url=http://java.oracle.com/, path.separator=;, java.vm.name=Java HotSpot(TM) 64-Bit Server VM, file.encoding.pkg=sun.io, user.country=CN, user.script=, sun.java.launcher=SUN_STANDARD, sun.os.patch.level=Service Pack 1, java.vm.specification.name=Java Virtual Machine Specification, user.dir=D:\idea workspace\spring-boot-module-master\security, java.runtime.version=1.8.0_144-b01, basedir=D:\idea workspace\spring-boot-module-master\security, java.awt.graphicsenv=sun.awt.Win32GraphicsEnvironment, java.endorsed.dirs=C:\Program Files\Java\jdk1.8.0_144\jre\lib\endorsed, os.arch=amd64, surefire.real.class.path=D:\idea workspace\spring-boot-module-master\security\target\surefire\surefirebooter8726407336052111295.jar, java.io.tmpdir=C:\Users\ZHENPE~1\AppData\Local\Temp\, line.separator=
, java.vm.specification.vendor=Oracle Corporation, user.variant=, os.name=Windows 7, sun.jnu.encoding=GBK, java.library.path=C:\Program Files\Java\jdk1.8.0_144\jre\bin;C:\Windows\Sun\Java\bin;C:\Windows\system32;C:\Windows;D:\java\consul;C:\Program Files\erl8.1\bin;D:\java\RabbitMQ\rabbitmq_server-3.6.12\sbin;D:\java\instantclient_11_2;D:\java\apache-maven-3.5.0\bin;C:\Program Files\Java\jdk1.8.0_144\bin;C:\ProgramData\Oracle\Java\javapath;C:\Windows\system32;C:\Windows;C:\Windows\System32\Wbem;C:\Windows\System32\WindowsPowerShell\v1.0\;D:\java\tortoiseSvn\bin;D:\java\instantclient_11_2;D:\java\Git\cmd;C:\Users\zhenpenglu\AppData\Local\Programs\Fiddler;C:\Users\zhenpenglu\AppData\Local\GitHubDesktop\bin;D:\program\Fiddler;., surefire.test.class.path=D:\idea workspace\spring-boot-module-master\security\target\test-classes;D:\idea workspace\spring-boot-module-master\security\target\classes;D:\idea repository\org\springframework\boot\spring-boot-starter-actuator\1.5.9.RELEASE\spring-boot-starter-actuator-1.5.9.RELEASE.jar;D:\idea repository\org\springframework\boot\spring-boot-starter\1.5.9.RELEASE\spring-boot-starter-1.5.9.RELEASE.jar;D:\idea repository\org\springframework\boot\spring-boot\1.5.9.RELEASE\spring-boot-1.5.9.RELEASE.jar;D:\idea repository\org\springframework\boot\spring-boot-autoconfigure\1.5.9.RELEASE\spring-boot-autoconfigure-1.5.9.RELEASE.jar;D:\idea repository\org\yaml\snakeyaml\1.17\snakeyaml-1.17.jar;D:\idea repository\org\springframework\boot\spring-boot-actuator\1.5.9.RELEASE\spring-boot-actuator-1.5.9.RELEASE.jar;D:\idea repository\org\springframework\spring-context\4.3.13.RELEASE\spring-context-4.3.13.RELEASE.jar;D:\idea repository\org\springframework\boot\spring-boot-starter-freemarker\1.5.9.RELEASE\spring-boot-starter-freemarker-1.5.9.RELEASE.jar;D:\idea repository\org\freemarker\freemarker\2.3.27-incubating\freemarker-2.3.27-incubating.jar;D:\idea repository\org\springframework\spring-context-support\4.3.13.RELEASE\spring-context-support-4.3.13.RELEASE.jar;D:\idea repository\org\springframework\spring-beans\4.3.13.RELEASE\spring-beans-4.3.13.RELEASE.jar;D:\idea repository\org\springframework\boot\spring-boot-starter-security\1.5.9.RELEASE\spring-boot-starter-security-1.5.9.RELEASE.jar;D:\idea repository\org\springframework\spring-aop\4.3.13.RELEASE\spring-aop-4.3.13.RELEASE.jar;D:\idea repository\org\springframework\security\spring-security-config\4.2.3.RELEASE\spring-security-config-4.2.3.RELEASE.jar;D:\idea repository\org\springframework\security\spring-security-core\4.2.3.RELEASE\spring-security-core-4.2.3.RELEASE.jar;D:\idea repository\org\springframework\security\spring-security-web\4.2.3.RELEASE\spring-security-web-4.2.3.RELEASE.jar;D:\idea repository\org\springframework\spring-expression\4.3.13.RELEASE\spring-expression-4.3.13.RELEASE.jar;D:\idea repository\org\jolokia\jolokia-core\1.3.7\jolokia-core-1.3.7.jar;D:\idea repository\com\googlecode\json-simple\json-simple\1.1.1\json-simple-1.1.1.jar;D:\idea repository\org\apache\httpcomponents\httpclient\4.5.3\httpclient-4.5.3.jar;D:\idea repository\org\apache\httpcomponents\httpcore\4.4.8\httpcore-4.4.8.jar;D:\idea repository\commons-codec\commons-codec\1.10\commons-codec-1.10.jar;D:\idea repository\org\springframework\boot\spring-boot-starter-test\1.5.9.RELEASE\spring-boot-starter-test-1.5.9.RELEASE.jar;D:\idea repository\org\springframework\boot\spring-boot-test\1.5.9.RELEASE\spring-boot-test-1.5.9.RELEASE.jar;D:\idea repository\org\springframework\boot\spring-boot-test-autoconfigure\1.5.9.RELEASE\spring-boot-test-autoconfigure-1.5.9.RELEASE.jar;D:\idea repository\com\jayway\jsonpath\json-path\2.2.0\json-path-2.2.0.jar;D:\idea repository\net\minidev\json-smart\2.2.1\json-smart-2.2.1.jar;D:\idea repository\net\minidev\accessors-smart\1.1\accessors-smart-1.1.jar;D:\idea repository\org\ow2\asm\asm\5.0.3\asm-5.0.3.jar;D:\idea repository\org\slf4j\slf4j-api\1.7.25\slf4j-api-1.7.25.jar;D:\idea repository\junit\junit\4.12\junit-4.12.jar;D:\idea repository\org\assertj\assertj-core\2.6.0\assertj-core-2.6.0.jar;D:\idea repository\org\mockito\mockito-core\1.10.19\mockito-core-1.10.19.jar;D:\idea repository\org\objenesis\objenesis\2.1\objenesis-2.1.jar;D:\idea repository\org\hamcrest\hamcrest-core\1.3\hamcrest-core-1.3.jar;D:\idea repository\org\hamcrest\hamcrest-library\1.3\hamcrest-library-1.3.jar;D:\idea repository\org\skyscreamer\jsonassert\1.4.0\jsonassert-1.4.0.jar;D:\idea repository\com\vaadin\external\google\android-json\0.0.20131108.vaadin1\android-json-0.0.20131108.vaadin1.jar;D:\idea repository\org\springframework\spring-core\4.3.13.RELEASE\spring-core-4.3.13.RELEASE.jar;D:\idea repository\org\springframework\spring-test\4.3.13.RELEASE\spring-test-4.3.13.RELEASE.jar;D:\idea repository\org\springframework\boot\spring-boot-starter-web\1.5.9.RELEASE\spring-boot-starter-web-1.5.9.RELEASE.jar;D:\idea repository\org\springframework\boot\spring-boot-starter-tomcat\1.5.9.RELEASE\spring-boot-starter-tomcat-1.5.9.RELEASE.jar;D:\idea repository\org\apache\tomcat\embed\tomcat-embed-core\8.5.23\tomcat-embed-core-8.5.23.jar;D:\idea repository\org\apache\tomcat\tomcat-annotations-api\8.5.23\tomcat-annotations-api-8.5.23.jar;D:\idea repository\org\apache\tomcat\embed\tomcat-embed-el\8.5.23\tomcat-embed-el-8.5.23.jar;D:\idea repository\org\apache\tomcat\embed\tomcat-embed-websocket\8.5.23\tomcat-embed-websocket-8.5.23.jar;D:\idea repository\org\hibernate\hibernate-validator\5.3.6.Final\hibernate-validator-5.3.6.Final.jar;D:\idea repository\javax\validation\validation-api\1.1.0.Final\validation-api-1.1.0.Final.jar;D:\idea repository\org\jboss\logging\jboss-logging\3.3.1.Final\jboss-logging-3.3.1.Final.jar;D:\idea repository\com\fasterxml\classmate\1.3.4\classmate-1.3.4.jar;D:\idea repository\com\fasterxml\jackson\core\jackson-databind\2.8.10\jackson-databind-2.8.10.jar;D:\idea repository\com\fasterxml\jackson\core\jackson-annotations\2.8.0\jackson-annotations-2.8.0.jar;D:\idea repository\com\fasterxml\jackson\core\jackson-core\2.8.10\jackson-core-2.8.10.jar;D:\idea repository\org\springframework\spring-web\4.3.13.RELEASE\spring-web-4.3.13.RELEASE.jar;D:\idea repository\org\springframework\spring-webmvc\4.3.13.RELEASE\spring-webmvc-4.3.13.RELEASE.jar;D:\idea repository\org\apache\poi\poi\3.17\poi-3.17.jar;D:\idea repository\org\apache\commons\commons-collections4\4.1\commons-collections4-4.1.jar;D:\idea repository\org\apache\poi\poi-ooxml\3.17\poi-ooxml-3.17.jar;D:\idea repository\org\apache\poi\poi-ooxml-schemas\3.17\poi-ooxml-schemas-3.17.jar;D:\idea repository\org\apache\xmlbeans\xmlbeans\2.6.0\xmlbeans-2.6.0.jar;D:\idea repository\stax\stax-api\1.0.1\stax-api-1.0.1.jar;D:\idea repository\com\github\virtuald\curvesapi\1.04\curvesapi-1.04.jar;D:\idea repository\com\google\code\gson\gson\2.8.2\gson-2.8.2.jar;D:\idea repository\org\springframework\boot\spring-boot-starter-logging\1.5.9.RELEASE\spring-boot-starter-logging-1.5.9.RELEASE.jar;D:\idea repository\ch\qos\logback\logback-classic\1.1.11\logback-classic-1.1.11.jar;D:\idea repository\ch\qos\logback\logback-core\1.1.11\logback-core-1.1.11.jar;D:\idea repository\org\slf4j\jcl-over-slf4j\1.7.25\jcl-over-slf4j-1.7.25.jar;D:\idea repository\org\slf4j\jul-to-slf4j\1.7.25\jul-to-slf4j-1.7.25.jar;D:\idea repository\org\slf4j\log4j-over-slf4j\1.7.25\log4j-over-slf4j-1.7.25.jar;, java.specification.name=Java Platform API Specification, java.class.version=52.0, sun.management.compiler=HotSpot 64-Bit Tiered Compilers, maven.repo.local=D:\idea repository, os.version=6.1, user.home=C:\Users\zhenpenglu, user.timezone=Asia/Shanghai, java.awt.printerjob=sun.awt.windows.WPrinterJob, file.encoding=GBK, java.specification.version=1.8, java.class.path=D:\idea workspace\spring-boot-module-master\security\target\test-classes;D:\idea workspace\spring-boot-module-master\security\target\classes;D:\idea repository\org\springframework\boot\spring-boot-starter-actuator\1.5.9.RELEASE\spring-boot-starter-actuator-1.5.9.RELEASE.jar;D:\idea repository\org\springframework\boot\spring-boot-starter\1.5.9.RELEASE\spring-boot-starter-1.5.9.RELEASE.jar;D:\idea repository\org\springframework\boot\spring-boot\1.5.9.RELEASE\spring-boot-1.5.9.RELEASE.jar;D:\idea repository\org\springframework\boot\spring-boot-autoconfigure\1.5.9.RELEASE\spring-boot-autoconfigure-1.5.9.RELEASE.jar;D:\idea repository\org\yaml\snakeyaml\1.17\snakeyaml-1.17.jar;D:\idea repository\org\springframework\boot\spring-boot-actuator\1.5.9.RELEASE\spring-boot-actuator-1.5.9.RELEASE.jar;D:\idea repository\org\springframework\spring-context\4.3.13.RELEASE\spring-context-4.3.13.RELEASE.jar;D:\idea repository\org\springframework\boot\spring-boot-starter-freemarker\1.5.9.RELEASE\spring-boot-starter-freemarker-1.5.9.RELEASE.jar;D:\idea repository\org\freemarker\freemarker\2.3.27-incubating\freemarker-2.3.27-incubating.jar;D:\idea repository\org\springframework\spring-context-support\4.3.13.RELEASE\spring-context-support-4.3.13.RELEASE.jar;D:\idea repository\org\springframework\spring-beans\4.3.13.RELEASE\spring-beans-4.3.13.RELEASE.jar;D:\idea repository\org\springframework\boot\spring-boot-starter-security\1.5.9.RELEASE\spring-boot-starter-security-1.5.9.RELEASE.jar;D:\idea repository\org\springframework\spring-aop\4.3.13.RELEASE\spring-aop-4.3.13.RELEASE.jar;D:\idea repository\org\springframework\security\spring-security-config\4.2.3.RELEASE\spring-security-config-4.2.3.RELEASE.jar;D:\idea repository\org\springframework\security\spring-security-core\4.2.3.RELEASE\spring-security-core-4.2.3.RELEASE.jar;D:\idea repository\org\springframework\security\spring-security-web\4.2.3.RELEASE\spring-security-web-4.2.3.RELEASE.jar;D:\idea repository\org\springframework\spring-expression\4.3.13.RELEASE\spring-expression-4.3.13.RELEASE.jar;D:\idea repository\org\jolokia\jolokia-core\1.3.7\jolokia-core-1.3.7.jar;D:\idea repository\com\googlecode\json-simple\json-simple\1.1.1\json-simple-1.1.1.jar;D:\idea repository\org\apache\httpcomponents\httpclient\4.5.3\httpclient-4.5.3.jar;D:\idea repository\org\apache\httpcomponents\httpcore\4.4.8\httpcore-4.4.8.jar;D:\idea repository\commons-codec\commons-codec\1.10\commons-codec-1.10.jar;D:\idea repository\org\springframework\boot\spring-boot-starter-test\1.5.9.RELEASE\spring-boot-starter-test-1.5.9.RELEASE.jar;D:\idea repository\org\springframework\boot\spring-boot-test\1.5.9.RELEASE\spring-boot-test-1.5.9.RELEASE.jar;D:\idea repository\org\springframework\boot\spring-boot-test-autoconfigure\1.5.9.RELEASE\spring-boot-test-autoconfigure-1.5.9.RELEASE.jar;D:\idea repository\com\jayway\jsonpath\json-path\2.2.0\json-path-2.2.0.jar;D:\idea repository\net\minidev\json-smart\2.2.1\json-smart-2.2.1.jar;D:\idea repository\net\minidev\accessors-smart\1.1\accessors-smart-1.1.jar;D:\idea repository\org\ow2\asm\asm\5.0.3\asm-5.0.3.jar;D:\idea repository\org\slf4j\slf4j-api\1.7.25\slf4j-api-1.7.25.jar;D:\idea repository\junit\junit\4.12\junit-4.12.jar;D:\idea repository\org\assertj\assertj-core\2.6.0\assertj-core-2.6.0.jar;D:\idea repository\org\mockito\mockito-core\1.10.19\mockito-core-1.10.19.jar;D:\idea repository\org\objenesis\objenesis\2.1\objenesis-2.1.jar;D:\idea repository\org\hamcrest\hamcrest-core\1.3\hamcrest-core-1.3.jar;D:\idea repository\org\hamcrest\hamcrest-library\1.3\hamcrest-library-1.3.jar;D:\idea repository\org\skyscreamer\jsonassert\1.4.0\jsonassert-1.4.0.jar;D:\idea repository\com\vaadin\external\google\android-json\0.0.20131108.vaadin1\android-json-0.0.20131108.vaadin1.jar;D:\idea repository\org\springframework\spring-core\4.3.13.RELEASE\spring-core-4.3.13.RELEASE.jar;D:\idea repository\org\springframework\spring-test\4.3.13.RELEASE\spring-test-4.3.13.RELEASE.jar;D:\idea repository\org\springframework\boot\spring-boot-starter-web\1.5.9.RELEASE\spring-boot-starter-web-1.5.9.RELEASE.jar;D:\idea repository\org\springframework\boot\spring-boot-starter-tomcat\1.5.9.RELEASE\spring-boot-starter-tomcat-1.5.9.RELEASE.jar;D:\idea repository\org\apache\tomcat\embed\tomcat-embed-core\8.5.23\tomcat-embed-core-8.5.23.jar;D:\idea repository\org\apache\tomcat\tomcat-annotations-api\8.5.23\tomcat-annotations-api-8.5.23.jar;D:\idea repository\org\apache\tomcat\embed\tomcat-embed-el\8.5.23\tomcat-embed-el-8.5.23.jar;D:\idea repository\org\apache\tomcat\embed\tomcat-embed-websocket\8.5.23\tomcat-embed-websocket-8.5.23.jar;D:\idea repository\org\hibernate\hibernate-validator\5.3.6.Final\hibernate-validator-5.3.6.Final.jar;D:\idea repository\javax\validation\validation-api\1.1.0.Final\validation-api-1.1.0.Final.jar;D:\idea repository\org\jboss\logging\jboss-logging\3.3.1.Final\jboss-logging-3.3.1.Final.jar;D:\idea repository\com\fasterxml\classmate\1.3.4\classmate-1.3.4.jar;D:\idea repository\com\fasterxml\jackson\core\jackson-databind\2.8.10\jackson-databind-2.8.10.jar;D:\idea repository\com\fasterxml\jackson\core\jackson-annotations\2.8.0\jackson-annotations-2.8.0.jar;D:\idea repository\com\fasterxml\jackson\core\jackson-core\2.8.10\jackson-core-2.8.10.jar;D:\idea repository\org\springframework\spring-web\4.3.13.RELEASE\spring-web-4.3.13.RELEASE.jar;D:\idea repository\org\springframework\spring-webmvc\4.3.13.RELEASE\spring-webmvc-4.3.13.RELEASE.jar;D:\idea repository\org\apache\poi\poi\3.17\poi-3.17.jar;D:\idea repository\org\apache\commons\commons-collections4\4.1\commons-collections4-4.1.jar;D:\idea repository\org\apache\poi\poi-ooxml\3.17\poi-ooxml-3.17.jar;D:\idea repository\org\apache\poi\poi-ooxml-schemas\3.17\poi-ooxml-schemas-3.17.jar;D:\idea repository\org\apache\xmlbeans\xmlbeans\2.6.0\xmlbeans-2.6.0.jar;D:\idea repository\stax\stax-api\1.0.1\stax-api-1.0.1.jar;D:\idea repository\com\github\virtuald\curvesapi\1.04\curvesapi-1.04.jar;D:\idea repository\com\google\code\gson\gson\2.8.2\gson-2.8.2.jar;D:\idea repository\org\springframework\boot\spring-boot-starter-logging\1.5.9.RELEASE\spring-boot-starter-logging-1.5.9.RELEASE.jar;D:\idea repository\ch\qos\logback\logback-classic\1.1.11\logback-classic-1.1.11.jar;D:\idea repository\ch\qos\logback\logback-core\1.1.11\logback-core-1.1.11.jar;D:\idea repository\org\slf4j\jcl-over-slf4j\1.7.25\jcl-over-slf4j-1.7.25.jar;D:\idea repository\org\slf4j\jul-to-slf4j\1.7.25\jul-to-slf4j-1.7.25.jar;D:\idea repository\org\slf4j\log4j-over-slf4j\1.7.25\log4j-over-slf4j-1.7.25.jar;, user.name=ZhenpengLu, java.vm.specification.version=1.8, sun.java.command=D:\idea workspace\spring-boot-module-master\security\target\surefire\surefirebooter8726407336052111295.jar D:\idea workspace\spring-boot-module-master\security\target\surefire\surefire1361224767460444491tmp D:\idea workspace\spring-boot-module-master\security\target\surefire\surefire_08197419383922090283tmp, java.home=C:\Program Files\Java\jdk1.8.0_144\jre, sun.arch.data.model=64, user.language=zh, java.specification.vendor=Oracle Corporation, awt.toolkit=sun.awt.windows.WToolkit, java.vm.info=mixed mode, java.version=1.8.0_144, java.ext.dirs=C:\Program Files\Java\jdk1.8.0_144\jre\lib\ext;C:\Windows\Sun\Java\lib\ext, sun.boot.class.path=C:\Program Files\Java\jdk1.8.0_144\jre\lib\resources.jar;C:\Program Files\Java\jdk1.8.0_144\jre\lib\rt.jar;C:\Program Files\Java\jdk1.8.0_144\jre\lib\sunrsasign.jar;C:\Program Files\Java\jdk1.8.0_144\jre\lib\jsse.jar;C:\Program Files\Java\jdk1.8.0_144\jre\lib\jce.jar;C:\Program Files\Java\jdk1.8.0_144\jre\lib\charsets.jar;C:\Program Files\Java\jdk1.8.0_144\jre\lib\jfr.jar;C:\Program Files\Java\jdk1.8.0_144\jre\classes, java.vendor=Oracle Corporation, localRepository=D:\idea repository, file.separator=\, java.vendor.url.bug=http://bugreport.sun.com/bugreport/, sun.io.unicode.encoding=UnicodeLittle, sun.cpu.endian=little, sun.desktop=windows, sun.cpu.isalist=amd64}}, SystemEnvironmentPropertySource@885851948 {name='systemEnvironment', properties={PATH=D:\java\consul;C:\Program Files\erl8.1\bin;D:\java\RabbitMQ\rabbitmq_server-3.6.12\sbin;D:\java\instantclient_11_2;D:\java\apache-maven-3.5.0\bin;C:\Program Files\Java\jdk1.8.0_144\bin;C:\ProgramData\Oracle\Java\javapath;C:\Windows\system32;C:\Windows;C:\Windows\System32\Wbem;C:\Windows\System32\WindowsPowerShell\v1.0\;D:\java\tortoiseSvn\bin;D:\java\instantclient_11_2;D:\java\Git\cmd;C:\Users\zhenpenglu\AppData\Local\Programs\Fiddler;C:\Users\zhenpenglu\AppData\Local\GitHubDesktop\bin;D:\program\Fiddler, LOCALAPPDATA=C:\Users\zhenpenglu\AppData\Local, PROCESSOR_LEVEL=6, SYSTEMDRIVE=C:, COMMONPROGRAMFILES(X86)=C:\Program Files (x86)\Common Files, FP_NO_HOST_CHECK=NO, USERDOMAIN=QUARK, LOGONSERVER=\\IDC-DC-01, JAVA_HOME=C:\Program Files\Java\jdk1.8.0_144, PROMPT=$P$G, SESSIONNAME=Console, ALLUSERSPROFILE=C:\ProgramData, PROGRAMFILES(X86)=C:\Program Files (x86), PROCESSOR_ARCHITECTURE=AMD64, ERLANG_HOME=C:\Program Files\erl8.1, MAVEN_HOME=D:\java\apache-maven-3.5.0, PROGRAMFILES=C:\Program Files, WINDOWS_TRACING_FLAGS=3, APPDATA=C:\Users\zhenpenglu\AppData\Roaming, PSMODULEPATH=C:\Windows\system32\WindowsPowerShell\v1.0\Modules\, PROGRAMW6432=C:\Program Files, PROGRAMDATA=C:\ProgramData, SYSTEMROOT=C:\Windows, USERNAME=ZhenpengLu, USERDNSDOMAIN=QUARK.COM, ORACLE_HOME=D:\java\instantclient_11_2, PATHEXT=.COM;.EXE;.BAT;.CMD;.VBS;.VBE;.JS;.JSE;.WSF;.WSH;.MSC, OS=Windows_NT, COMMONPROGRAMW6432=C:\Program Files\Common Files, COMPUTERNAME=QF-ZHENPENGL-01, COMMONPROGRAMFILES=C:\Program Files\Common Files, COMSPEC=C:\Windows\system32\cmd.exe, CONSUL_HOME=D:\java\consul, PROCESSOR_REVISION=5e03, WINDIR=C:\Windows, RABBITMQ_SERVER=D:\java\RabbitMQ\rabbitmq_server-3.6.12, =D:=D:\idea workspace\spring-boot-module-master\security, HOMEPATH=\Users\zhenpenglu, TEMP=C:\Users\ZHENPE~1\AppData\Local\Temp, HOMEDRIVE=C:, PROCESSOR_IDENTIFIER=Intel64 Family 6 Model 94 Stepping 3, GenuineIntel, USERPROFILE=C:\Users\zhenpenglu, TMP=C:\Users\ZHENPE~1\AppData\Local\Temp, WINDOWS_TRACING_LOGFILE=C:\BVTBin\Tests\installpackage\csilogfile.log, PUBLIC=C:\Users\Public, NUMBER_OF_PROCESSORS=8, =::=::\}}]
10:32:06.671 [main] DEBUG org.springframework.core.io.support.PathMatchingResourcePatternResolver - Resolved classpath location [com/quark/module/] to resources [URL [file:/D:/idea%20workspace/spring-boot-module-master/security/target/test-classes/com/quark/module/], URL [file:/D:/idea%20workspace/spring-boot-module-master/security/target/classes/com/quark/module/]]
10:32:06.671 [main] DEBUG org.springframework.core.io.support.PathMatchingResourcePatternResolver - Looking for matching resources in directory tree [D:\idea workspace\spring-boot-module-master\security\target\test-classes\com\quark\module]
10:32:06.671 [main] DEBUG org.springframework.core.io.support.PathMatchingResourcePatternResolver - Searching directory [D:\idea workspace\spring-boot-module-master\security\target\test-classes\com\quark\module] for files matching pattern [D:/idea workspace/spring-boot-module-master/security/target/test-classes/com/quark/module/*.class]
10:32:06.674 [main] DEBUG org.springframework.core.io.support.PathMatchingResourcePatternResolver - Looking for matching resources in directory tree [D:\idea workspace\spring-boot-module-master\security\target\classes\com\quark\module]
10:32:06.675 [main] DEBUG org.springframework.core.io.support.PathMatchingResourcePatternResolver - Searching directory [D:\idea workspace\spring-boot-module-master\security\target\classes\com\quark\module] for files matching pattern [D:/idea workspace/spring-boot-module-master/security/target/classes/com/quark/module/*.class]
10:32:06.675 [main] DEBUG org.springframework.core.io.support.PathMatchingResourcePatternResolver - Resolved location pattern [classpath*:com/quark/module/*.class] to resources [file [D:\idea workspace\spring-boot-module-master\security\target\test-classes\com\quark\module\CorsSampleActuatorApplicationTests.class], file [D:\idea workspace\spring-boot-module-master\security\target\test-classes\com\quark\module\ManagementPortAndPathSampleActuatorApplicationTests.class], file [D:\idea workspace\spring-boot-module-master\security\target\test-classes\com\quark\module\SampleActuatorCustomSecurityApplicationTests.class], file [D:\idea workspace\spring-boot-module-master\security\target\classes\com\quark\module\SampleSecurityApplication.class]]
10:32:06.763 [main] DEBUG org.springframework.context.annotation.ClassPathScanningCandidateComponentProvider - Identified candidate component class: file [D:\idea workspace\spring-boot-module-master\security\target\classes\com\quark\module\SampleSecurityApplication.class]
10:32:06.764 [main] INFO org.springframework.boot.test.context.SpringBootTestContextBootstrapper - Found @SpringBootConfiguration com.quark.module.SampleSecurityApplication for test class com.quark.module.CorsSampleActuatorApplicationTests
10:32:06.767 [main] DEBUG org.springframework.boot.test.context.SpringBootTestContextBootstrapper - @TestExecutionListeners is not present for class [com.quark.module.CorsSampleActuatorApplicationTests]: using defaults.
10:32:06.770 [main] INFO org.springframework.boot.test.context.SpringBootTestContextBootstrapper - Loaded default TestExecutionListener class names from location [META-INF/spring.factories]: [org.springframework.boot.test.mock.mockito.MockitoTestExecutionListener, org.springframework.boot.test.mock.mockito.ResetMocksTestExecutionListener, org.springframework.boot.test.autoconfigure.restdocs.RestDocsTestExecutionListener, org.springframework.boot.test.autoconfigure.web.client.MockRestServiceServerResetTestExecutionListener, org.springframework.boot.test.autoconfigure.web.servlet.MockMvcPrintOnlyOnFailureTestExecutionListener, org.springframework.boot.test.autoconfigure.web.servlet.WebDriverTestExecutionListener, org.springframework.test.context.web.ServletTestExecutionListener, org.springframework.test.context.support.DirtiesContextBeforeModesTestExecutionListener, org.springframework.test.context.support.DependencyInjectionTestExecutionListener, org.springframework.test.context.support.DirtiesContextTestExecutionListener, org.springframework.test.context.transaction.TransactionalTestExecutionListener, org.springframework.test.context.jdbc.SqlScriptsTestExecutionListener]
10:32:06.781 [main] INFO org.springframework.boot.test.context.SpringBootTestContextBootstrapper - Could not instantiate TestExecutionListener [org.springframework.test.context.jdbc.SqlScriptsTestExecutionListener]. Specify custom listener classes or make the default listener classes (and their required dependencies) available. Offending class: [org/springframework/transaction/interceptor/TransactionAttribute]
10:32:06.784 [main] INFO org.springframework.boot.test.context.SpringBootTestContextBootstrapper - Could not instantiate TestExecutionListener [org.springframework.test.context.transaction.TransactionalTestExecutionListener]. Specify custom listener classes or make the default listener classes (and their required dependencies) available. Offending class: [org/springframework/transaction/interceptor/TransactionAttributeSource]
10:32:06.784 [main] INFO org.springframework.boot.test.context.SpringBootTestContextBootstrapper - Using TestExecutionListeners: [org.springframework.test.context.web.ServletTestExecutionListener@701fc37a, org.springframework.test.context.support.DirtiesContextBeforeModesTestExecutionListener@4148db48, org.springframework.boot.test.autoconfigure.SpringBootDependencyInjectionTestExecutionListener@282003e1, org.springframework.test.context.support.DirtiesContextTestExecutionListener@7fad8c79, org.springframework.boot.test.mock.mockito.MockitoTestExecutionListener@71a794e5, org.springframework.boot.test.mock.mockito.ResetMocksTestExecutionListener@76329302, org.springframework.boot.test.autoconfigure.restdocs.RestDocsTestExecutionListener@5e25a92e, org.springframework.boot.test.autoconfigure.web.client.MockRestServiceServerResetTestExecutionListener@4df828d7, org.springframework.boot.test.autoconfigure.web.servlet.MockMvcPrintOnlyOnFailureTestExecutionListener@b59d31, org.springframework.boot.test.autoconfigure.web.servlet.WebDriverTestExecutionListener@62fdb4a6]
10:32:06.784 [main] DEBUG org.springframework.test.context.junit4.SpringJUnit4ClassRunner - SpringJUnit4ClassRunner constructor called with [class com.quark.module.ManagementPortAndPathSampleActuatorApplicationTests]
10:32:06.785 [main] DEBUG org.springframework.test.context.BootstrapUtils - Instantiating CacheAwareContextLoaderDelegate from class [org.springframework.test.context.cache.DefaultCacheAwareContextLoaderDelegate]
10:32:06.785 [main] DEBUG org.springframework.test.context.BootstrapUtils - Instantiating BootstrapContext using constructor [public org.springframework.test.context.support.DefaultBootstrapContext(java.lang.Class,org.springframework.test.context.CacheAwareContextLoaderDelegate)]
10:32:06.785 [main] DEBUG org.springframework.test.context.BootstrapUtils - Instantiating TestContextBootstrapper for test class [com.quark.module.ManagementPortAndPathSampleActuatorApplicationTests] from class [org.springframework.boot.test.context.SpringBootTestContextBootstrapper]
10:32:06.785 [main] INFO org.springframework.boot.test.context.SpringBootTestContextBootstrapper - Neither @ContextConfiguration nor @ContextHierarchy found for test class [com.quark.module.ManagementPortAndPathSampleActuatorApplicationTests], using SpringBootContextLoader
10:32:06.786 [main] DEBUG org.springframework.test.context.support.AbstractContextLoader - Did not detect default resource location for test class [com.quark.module.ManagementPortAndPathSampleActuatorApplicationTests]: class path resource [com/quark/module/ManagementPortAndPathSampleActuatorApplicationTests-context.xml] does not exist
10:32:06.786 [main] DEBUG org.springframework.test.context.support.AbstractContextLoader - Did not detect default resource location for test class [com.quark.module.ManagementPortAndPathSampleActuatorApplicationTests]: class path resource [com/quark/module/ManagementPortAndPathSampleActuatorApplicationTestsContext.groovy] does not exist
10:32:06.786 [main] INFO org.springframework.test.context.support.AbstractContextLoader - Could not detect default resource locations for test class [com.quark.module.ManagementPortAndPathSampleActuatorApplicationTests]: no resource found for suffixes {-context.xml, Context.groovy}.
10:32:06.786 [main] INFO org.springframework.test.context.support.AnnotationConfigContextLoaderUtils - Could not detect default configuration classes for test class [com.quark.module.ManagementPortAndPathSampleActuatorApplicationTests]: ManagementPortAndPathSampleActuatorApplicationTests does not declare any static, non-private, non-final, nested classes annotated with @Configuration.
10:32:06.789 [main] DEBUG org.springframework.test.context.support.ActiveProfilesUtils - Could not find an 'annotation declaring class' for annotation type [org.springframework.test.context.ActiveProfiles] and class [com.quark.module.ManagementPortAndPathSampleActuatorApplicationTests]
10:32:06.789 [main] DEBUG org.springframework.core.env.StandardEnvironment - Adding PropertySource 'systemProperties' with lowest search precedence
10:32:06.789 [main] DEBUG org.springframework.core.env.StandardEnvironment - Adding PropertySource 'systemEnvironment' with lowest search precedence
10:32:06.789 [main] DEBUG org.springframework.core.env.StandardEnvironment - Initialized StandardEnvironment with PropertySources [MapPropertySource@280265505 {name='systemProperties', properties={idea.version=2016.1.1, java.runtime.name=Java(TM) SE Runtime Environment, sun.boot.library.path=C:\Program Files\Java\jdk1.8.0_144\jre\bin, java.vm.version=25.144-b01, java.vm.vendor=Oracle Corporation, java.vendor.url=http://java.oracle.com/, path.separator=;, java.vm.name=Java HotSpot(TM) 64-Bit Server VM, file.encoding.pkg=sun.io, user.country=CN, user.script=, sun.java.launcher=SUN_STANDARD, sun.os.patch.level=Service Pack 1, java.vm.specification.name=Java Virtual Machine Specification, user.dir=D:\idea workspace\spring-boot-module-master\security, java.runtime.version=1.8.0_144-b01, basedir=D:\idea workspace\spring-boot-module-master\security, java.awt.graphicsenv=sun.awt.Win32GraphicsEnvironment, java.endorsed.dirs=C:\Program Files\Java\jdk1.8.0_144\jre\lib\endorsed, os.arch=amd64, surefire.real.class.path=D:\idea workspace\spring-boot-module-master\security\target\surefire\surefirebooter8726407336052111295.jar, java.io.tmpdir=C:\Users\ZHENPE~1\AppData\Local\Temp\, line.separator=
, java.vm.specification.vendor=Oracle Corporation, user.variant=, os.name=Windows 7, sun.jnu.encoding=GBK, java.library.path=C:\Program Files\Java\jdk1.8.0_144\jre\bin;C:\Windows\Sun\Java\bin;C:\Windows\system32;C:\Windows;D:\java\consul;C:\Program Files\erl8.1\bin;D:\java\RabbitMQ\rabbitmq_server-3.6.12\sbin;D:\java\instantclient_11_2;D:\java\apache-maven-3.5.0\bin;C:\Program Files\Java\jdk1.8.0_144\bin;C:\ProgramData\Oracle\Java\javapath;C:\Windows\system32;C:\Windows;C:\Windows\System32\Wbem;C:\Windows\System32\WindowsPowerShell\v1.0\;D:\java\tortoiseSvn\bin;D:\java\instantclient_11_2;D:\java\Git\cmd;C:\Users\zhenpenglu\AppData\Local\Programs\Fiddler;C:\Users\zhenpenglu\AppData\Local\GitHubDesktop\bin;D:\program\Fiddler;., surefire.test.class.path=D:\idea workspace\spring-boot-module-master\security\target\test-classes;D:\idea workspace\spring-boot-module-master\security\target\classes;D:\idea repository\org\springframework\boot\spring-boot-starter-actuator\1.5.9.RELEASE\spring-boot-starter-actuator-1.5.9.RELEASE.jar;D:\idea repository\org\springframework\boot\spring-boot-starter\1.5.9.RELEASE\spring-boot-starter-1.5.9.RELEASE.jar;D:\idea repository\org\springframework\boot\spring-boot\1.5.9.RELEASE\spring-boot-1.5.9.RELEASE.jar;D:\idea repository\org\springframework\boot\spring-boot-autoconfigure\1.5.9.RELEASE\spring-boot-autoconfigure-1.5.9.RELEASE.jar;D:\idea repository\org\yaml\snakeyaml\1.17\snakeyaml-1.17.jar;D:\idea repository\org\springframework\boot\spring-boot-actuator\1.5.9.RELEASE\spring-boot-actuator-1.5.9.RELEASE.jar;D:\idea repository\org\springframework\spring-context\4.3.13.RELEASE\spring-context-4.3.13.RELEASE.jar;D:\idea repository\org\springframework\boot\spring-boot-starter-freemarker\1.5.9.RELEASE\spring-boot-starter-freemarker-1.5.9.RELEASE.jar;D:\idea repository\org\freemarker\freemarker\2.3.27-incubating\freemarker-2.3.27-incubating.jar;D:\idea repository\org\springframework\spring-context-support\4.3.13.RELEASE\spring-context-support-4.3.13.RELEASE.jar;D:\idea repository\org\springframework\spring-beans\4.3.13.RELEASE\spring-beans-4.3.13.RELEASE.jar;D:\idea repository\org\springframework\boot\spring-boot-starter-security\1.5.9.RELEASE\spring-boot-starter-security-1.5.9.RELEASE.jar;D:\idea repository\org\springframework\spring-aop\4.3.13.RELEASE\spring-aop-4.3.13.RELEASE.jar;D:\idea repository\org\springframework\security\spring-security-config\4.2.3.RELEASE\spring-security-config-4.2.3.RELEASE.jar;D:\idea repository\org\springframework\security\spring-security-core\4.2.3.RELEASE\spring-security-core-4.2.3.RELEASE.jar;D:\idea repository\org\springframework\security\spring-security-web\4.2.3.RELEASE\spring-security-web-4.2.3.RELEASE.jar;D:\idea repository\org\springframework\spring-expression\4.3.13.RELEASE\spring-expression-4.3.13.RELEASE.jar;D:\idea repository\org\jolokia\jolokia-core\1.3.7\jolokia-core-1.3.7.jar;D:\idea repository\com\googlecode\json-simple\json-simple\1.1.1\json-simple-1.1.1.jar;D:\idea repository\org\apache\httpcomponents\httpclient\4.5.3\httpclient-4.5.3.jar;D:\idea repository\org\apache\httpcomponents\httpcore\4.4.8\httpcore-4.4.8.jar;D:\idea repository\commons-codec\commons-codec\1.10\commons-codec-1.10.jar;D:\idea repository\org\springframework\boot\spring-boot-starter-test\1.5.9.RELEASE\spring-boot-starter-test-1.5.9.RELEASE.jar;D:\idea repository\org\springframework\boot\spring-boot-test\1.5.9.RELEASE\spring-boot-test-1.5.9.RELEASE.jar;D:\idea repository\org\springframework\boot\spring-boot-test-autoconfigure\1.5.9.RELEASE\spring-boot-test-autoconfigure-1.5.9.RELEASE.jar;D:\idea repository\com\jayway\jsonpath\json-path\2.2.0\json-path-2.2.0.jar;D:\idea repository\net\minidev\json-smart\2.2.1\json-smart-2.2.1.jar;D:\idea repository\net\minidev\accessors-smart\1.1\accessors-smart-1.1.jar;D:\idea repository\org\ow2\asm\asm\5.0.3\asm-5.0.3.jar;D:\idea repository\org\slf4j\slf4j-api\1.7.25\slf4j-api-1.7.25.jar;D:\idea repository\junit\junit\4.12\junit-4.12.jar;D:\idea repository\org\assertj\assertj-core\2.6.0\assertj-core-2.6.0.jar;D:\idea repository\org\mockito\mockito-core\1.10.19\mockito-core-1.10.19.jar;D:\idea repository\org\objenesis\objenesis\2.1\objenesis-2.1.jar;D:\idea repository\org\hamcrest\hamcrest-core\1.3\hamcrest-core-1.3.jar;D:\idea repository\org\hamcrest\hamcrest-library\1.3\hamcrest-library-1.3.jar;D:\idea repository\org\skyscreamer\jsonassert\1.4.0\jsonassert-1.4.0.jar;D:\idea repository\com\vaadin\external\google\android-json\0.0.20131108.vaadin1\android-json-0.0.20131108.vaadin1.jar;D:\idea repository\org\springframework\spring-core\4.3.13.RELEASE\spring-core-4.3.13.RELEASE.jar;D:\idea repository\org\springframework\spring-test\4.3.13.RELEASE\spring-test-4.3.13.RELEASE.jar;D:\idea repository\org\springframework\boot\spring-boot-starter-web\1.5.9.RELEASE\spring-boot-starter-web-1.5.9.RELEASE.jar;D:\idea repository\org\springframework\boot\spring-boot-starter-tomcat\1.5.9.RELEASE\spring-boot-starter-tomcat-1.5.9.RELEASE.jar;D:\idea repository\org\apache\tomcat\embed\tomcat-embed-core\8.5.23\tomcat-embed-core-8.5.23.jar;D:\idea repository\org\apache\tomcat\tomcat-annotations-api\8.5.23\tomcat-annotations-api-8.5.23.jar;D:\idea repository\org\apache\tomcat\embed\tomcat-embed-el\8.5.23\tomcat-embed-el-8.5.23.jar;D:\idea repository\org\apache\tomcat\embed\tomcat-embed-websocket\8.5.23\tomcat-embed-websocket-8.5.23.jar;D:\idea repository\org\hibernate\hibernate-validator\5.3.6.Final\hibernate-validator-5.3.6.Final.jar;D:\idea repository\javax\validation\validation-api\1.1.0.Final\validation-api-1.1.0.Final.jar;D:\idea repository\org\jboss\logging\jboss-logging\3.3.1.Final\jboss-logging-3.3.1.Final.jar;D:\idea repository\com\fasterxml\classmate\1.3.4\classmate-1.3.4.jar;D:\idea repository\com\fasterxml\jackson\core\jackson-databind\2.8.10\jackson-databind-2.8.10.jar;D:\idea repository\com\fasterxml\jackson\core\jackson-annotations\2.8.0\jackson-annotations-2.8.0.jar;D:\idea repository\com\fasterxml\jackson\core\jackson-core\2.8.10\jackson-core-2.8.10.jar;D:\idea repository\org\springframework\spring-web\4.3.13.RELEASE\spring-web-4.3.13.RELEASE.jar;D:\idea repository\org\springframework\spring-webmvc\4.3.13.RELEASE\spring-webmvc-4.3.13.RELEASE.jar;D:\idea repository\org\apache\poi\poi\3.17\poi-3.17.jar;D:\idea repository\org\apache\commons\commons-collections4\4.1\commons-collections4-4.1.jar;D:\idea repository\org\apache\poi\poi-ooxml\3.17\poi-ooxml-3.17.jar;D:\idea repository\org\apache\poi\poi-ooxml-schemas\3.17\poi-ooxml-schemas-3.17.jar;D:\idea repository\org\apache\xmlbeans\xmlbeans\2.6.0\xmlbeans-2.6.0.jar;D:\idea repository\stax\stax-api\1.0.1\stax-api-1.0.1.jar;D:\idea repository\com\github\virtuald\curvesapi\1.04\curvesapi-1.04.jar;D:\idea repository\com\google\code\gson\gson\2.8.2\gson-2.8.2.jar;D:\idea repository\org\springframework\boot\spring-boot-starter-logging\1.5.9.RELEASE\spring-boot-starter-logging-1.5.9.RELEASE.jar;D:\idea repository\ch\qos\logback\logback-classic\1.1.11\logback-classic-1.1.11.jar;D:\idea repository\ch\qos\logback\logback-core\1.1.11\logback-core-1.1.11.jar;D:\idea repository\org\slf4j\jcl-over-slf4j\1.7.25\jcl-over-slf4j-1.7.25.jar;D:\idea repository\org\slf4j\jul-to-slf4j\1.7.25\jul-to-slf4j-1.7.25.jar;D:\idea repository\org\slf4j\log4j-over-slf4j\1.7.25\log4j-over-slf4j-1.7.25.jar;, java.specification.name=Java Platform API Specification, java.class.version=52.0, sun.management.compiler=HotSpot 64-Bit Tiered Compilers, maven.repo.local=D:\idea repository, os.version=6.1, user.home=C:\Users\zhenpenglu, user.timezone=Asia/Shanghai, java.awt.printerjob=sun.awt.windows.WPrinterJob, file.encoding=GBK, java.specification.version=1.8, java.class.path=D:\idea workspace\spring-boot-module-master\security\target\test-classes;D:\idea workspace\spring-boot-module-master\security\target\classes;D:\idea repository\org\springframework\boot\spring-boot-starter-actuator\1.5.9.RELEASE\spring-boot-starter-actuator-1.5.9.RELEASE.jar;D:\idea repository\org\springframework\boot\spring-boot-starter\1.5.9.RELEASE\spring-boot-starter-1.5.9.RELEASE.jar;D:\idea repository\org\springframework\boot\spring-boot\1.5.9.RELEASE\spring-boot-1.5.9.RELEASE.jar;D:\idea repository\org\springframework\boot\spring-boot-autoconfigure\1.5.9.RELEASE\spring-boot-autoconfigure-1.5.9.RELEASE.jar;D:\idea repository\org\yaml\snakeyaml\1.17\snakeyaml-1.17.jar;D:\idea repository\org\springframework\boot\spring-boot-actuator\1.5.9.RELEASE\spring-boot-actuator-1.5.9.RELEASE.jar;D:\idea repository\org\springframework\spring-context\4.3.13.RELEASE\spring-context-4.3.13.RELEASE.jar;D:\idea repository\org\springframework\boot\spring-boot-starter-freemarker\1.5.9.RELEASE\spring-boot-starter-freemarker-1.5.9.RELEASE.jar;D:\idea repository\org\freemarker\freemarker\2.3.27-incubating\freemarker-2.3.27-incubating.jar;D:\idea repository\org\springframework\spring-context-support\4.3.13.RELEASE\spring-context-support-4.3.13.RELEASE.jar;D:\idea repository\org\springframework\spring-beans\4.3.13.RELEASE\spring-beans-4.3.13.RELEASE.jar;D:\idea repository\org\springframework\boot\spring-boot-starter-security\1.5.9.RELEASE\spring-boot-starter-security-1.5.9.RELEASE.jar;D:\idea repository\org\springframework\spring-aop\4.3.13.RELEASE\spring-aop-4.3.13.RELEASE.jar;D:\idea repository\org\springframework\security\spring-security-config\4.2.3.RELEASE\spring-security-config-4.2.3.RELEASE.jar;D:\idea repository\org\springframework\security\spring-security-core\4.2.3.RELEASE\spring-security-core-4.2.3.RELEASE.jar;D:\idea repository\org\springframework\security\spring-security-web\4.2.3.RELEASE\spring-security-web-4.2.3.RELEASE.jar;D:\idea repository\org\springframework\spring-expression\4.3.13.RELEASE\spring-expression-4.3.13.RELEASE.jar;D:\idea repository\org\jolokia\jolokia-core\1.3.7\jolokia-core-1.3.7.jar;D:\idea repository\com\googlecode\json-simple\json-simple\1.1.1\json-simple-1.1.1.jar;D:\idea repository\org\apache\httpcomponents\httpclient\4.5.3\httpclient-4.5.3.jar;D:\idea repository\org\apache\httpcomponents\httpcore\4.4.8\httpcore-4.4.8.jar;D:\idea repository\commons-codec\commons-codec\1.10\commons-codec-1.10.jar;D:\idea repository\org\springframework\boot\spring-boot-starter-test\1.5.9.RELEASE\spring-boot-starter-test-1.5.9.RELEASE.jar;D:\idea repository\org\springframework\boot\spring-boot-test\1.5.9.RELEASE\spring-boot-test-1.5.9.RELEASE.jar;D:\idea repository\org\springframework\boot\spring-boot-test-autoconfigure\1.5.9.RELEASE\spring-boot-test-autoconfigure-1.5.9.RELEASE.jar;D:\idea repository\com\jayway\jsonpath\json-path\2.2.0\json-path-2.2.0.jar;D:\idea repository\net\minidev\json-smart\2.2.1\json-smart-2.2.1.jar;D:\idea repository\net\minidev\accessors-smart\1.1\accessors-smart-1.1.jar;D:\idea repository\org\ow2\asm\asm\5.0.3\asm-5.0.3.jar;D:\idea repository\org\slf4j\slf4j-api\1.7.25\slf4j-api-1.7.25.jar;D:\idea repository\junit\junit\4.12\junit-4.12.jar;D:\idea repository\org\assertj\assertj-core\2.6.0\assertj-core-2.6.0.jar;D:\idea repository\org\mockito\mockito-core\1.10.19\mockito-core-1.10.19.jar;D:\idea repository\org\objenesis\objenesis\2.1\objenesis-2.1.jar;D:\idea repository\org\hamcrest\hamcrest-core\1.3\hamcrest-core-1.3.jar;D:\idea repository\org\hamcrest\hamcrest-library\1.3\hamcrest-library-1.3.jar;D:\idea repository\org\skyscreamer\jsonassert\1.4.0\jsonassert-1.4.0.jar;D:\idea repository\com\vaadin\external\google\android-json\0.0.20131108.vaadin1\android-json-0.0.20131108.vaadin1.jar;D:\idea repository\org\springframework\spring-core\4.3.13.RELEASE\spring-core-4.3.13.RELEASE.jar;D:\idea repository\org\springframework\spring-test\4.3.13.RELEASE\spring-test-4.3.13.RELEASE.jar;D:\idea repository\org\springframework\boot\spring-boot-starter-web\1.5.9.RELEASE\spring-boot-starter-web-1.5.9.RELEASE.jar;D:\idea repository\org\springframework\boot\spring-boot-starter-tomcat\1.5.9.RELEASE\spring-boot-starter-tomcat-1.5.9.RELEASE.jar;D:\idea repository\org\apache\tomcat\embed\tomcat-embed-core\8.5.23\tomcat-embed-core-8.5.23.jar;D:\idea repository\org\apache\tomcat\tomcat-annotations-api\8.5.23\tomcat-annotations-api-8.5.23.jar;D:\idea repository\org\apache\tomcat\embed\tomcat-embed-el\8.5.23\tomcat-embed-el-8.5.23.jar;D:\idea repository\org\apache\tomcat\embed\tomcat-embed-websocket\8.5.23\tomcat-embed-websocket-8.5.23.jar;D:\idea repository\org\hibernate\hibernate-validator\5.3.6.Final\hibernate-validator-5.3.6.Final.jar;D:\idea repository\javax\validation\validation-api\1.1.0.Final\validation-api-1.1.0.Final.jar;D:\idea repository\org\jboss\logging\jboss-logging\3.3.1.Final\jboss-logging-3.3.1.Final.jar;D:\idea repository\com\fasterxml\classmate\1.3.4\classmate-1.3.4.jar;D:\idea repository\com\fasterxml\jackson\core\jackson-databind\2.8.10\jackson-databind-2.8.10.jar;D:\idea repository\com\fasterxml\jackson\core\jackson-annotations\2.8.0\jackson-annotations-2.8.0.jar;D:\idea repository\com\fasterxml\jackson\core\jackson-core\2.8.10\jackson-core-2.8.10.jar;D:\idea repository\org\springframework\spring-web\4.3.13.RELEASE\spring-web-4.3.13.RELEASE.jar;D:\idea repository\org\springframework\spring-webmvc\4.3.13.RELEASE\spring-webmvc-4.3.13.RELEASE.jar;D:\idea repository\org\apache\poi\poi\3.17\poi-3.17.jar;D:\idea repository\org\apache\commons\commons-collections4\4.1\commons-collections4-4.1.jar;D:\idea repository\org\apache\poi\poi-ooxml\3.17\poi-ooxml-3.17.jar;D:\idea repository\org\apache\poi\poi-ooxml-schemas\3.17\poi-ooxml-schemas-3.17.jar;D:\idea repository\org\apache\xmlbeans\xmlbeans\2.6.0\xmlbeans-2.6.0.jar;D:\idea repository\stax\stax-api\1.0.1\stax-api-1.0.1.jar;D:\idea repository\com\github\virtuald\curvesapi\1.04\curvesapi-1.04.jar;D:\idea repository\com\google\code\gson\gson\2.8.2\gson-2.8.2.jar;D:\idea repository\org\springframework\boot\spring-boot-starter-logging\1.5.9.RELEASE\spring-boot-starter-logging-1.5.9.RELEASE.jar;D:\idea repository\ch\qos\logback\logback-classic\1.1.11\logback-classic-1.1.11.jar;D:\idea repository\ch\qos\logback\logback-core\1.1.11\logback-core-1.1.11.jar;D:\idea repository\org\slf4j\jcl-over-slf4j\1.7.25\jcl-over-slf4j-1.7.25.jar;D:\idea repository\org\slf4j\jul-to-slf4j\1.7.25\jul-to-slf4j-1.7.25.jar;D:\idea repository\org\slf4j\log4j-over-slf4j\1.7.25\log4j-over-slf4j-1.7.25.jar;, user.name=ZhenpengLu, java.vm.specification.version=1.8, sun.java.command=D:\idea workspace\spring-boot-module-master\security\target\surefire\surefirebooter8726407336052111295.jar D:\idea workspace\spring-boot-module-master\security\target\surefire\surefire1361224767460444491tmp D:\idea workspace\spring-boot-module-master\security\target\surefire\surefire_08197419383922090283tmp, java.home=C:\Program Files\Java\jdk1.8.0_144\jre, sun.arch.data.model=64, user.language=zh, java.specification.vendor=Oracle Corporation, awt.toolkit=sun.awt.windows.WToolkit, java.vm.info=mixed mode, java.version=1.8.0_144, java.ext.dirs=C:\Program Files\Java\jdk1.8.0_144\jre\lib\ext;C:\Windows\Sun\Java\lib\ext, sun.boot.class.path=C:\Program Files\Java\jdk1.8.0_144\jre\lib\resources.jar;C:\Program Files\Java\jdk1.8.0_144\jre\lib\rt.jar;C:\Program Files\Java\jdk1.8.0_144\jre\lib\sunrsasign.jar;C:\Program Files\Java\jdk1.8.0_144\jre\lib\jsse.jar;C:\Program Files\Java\jdk1.8.0_144\jre\lib\jce.jar;C:\Program Files\Java\jdk1.8.0_144\jre\lib\charsets.jar;C:\Program Files\Java\jdk1.8.0_144\jre\lib\jfr.jar;C:\Program Files\Java\jdk1.8.0_144\jre\classes, java.vendor=Oracle Corporation, localRepository=D:\idea repository, file.separator=\, java.vendor.url.bug=http://bugreport.sun.com/bugreport/, sun.io.unicode.encoding=UnicodeLittle, sun.cpu.endian=little, sun.desktop=windows, sun.cpu.isalist=amd64}}, SystemEnvironmentPropertySource@112619572 {name='systemEnvironment', properties={PATH=D:\java\consul;C:\Program Files\erl8.1\bin;D:\java\RabbitMQ\rabbitmq_server-3.6.12\sbin;D:\java\instantclient_11_2;D:\java\apache-maven-3.5.0\bin;C:\Program Files\Java\jdk1.8.0_144\bin;C:\ProgramData\Oracle\Java\javapath;C:\Windows\system32;C:\Windows;C:\Windows\System32\Wbem;C:\Windows\System32\WindowsPowerShell\v1.0\;D:\java\tortoiseSvn\bin;D:\java\instantclient_11_2;D:\java\Git\cmd;C:\Users\zhenpenglu\AppData\Local\Programs\Fiddler;C:\Users\zhenpenglu\AppData\Local\GitHubDesktop\bin;D:\program\Fiddler, LOCALAPPDATA=C:\Users\zhenpenglu\AppData\Local, PROCESSOR_LEVEL=6, SYSTEMDRIVE=C:, COMMONPROGRAMFILES(X86)=C:\Program Files (x86)\Common Files, FP_NO_HOST_CHECK=NO, USERDOMAIN=QUARK, LOGONSERVER=\\IDC-DC-01, JAVA_HOME=C:\Program Files\Java\jdk1.8.0_144, PROMPT=$P$G, SESSIONNAME=Console, ALLUSERSPROFILE=C:\ProgramData, PROGRAMFILES(X86)=C:\Program Files (x86), PROCESSOR_ARCHITECTURE=AMD64, ERLANG_HOME=C:\Program Files\erl8.1, MAVEN_HOME=D:\java\apache-maven-3.5.0, PROGRAMFILES=C:\Program Files, WINDOWS_TRACING_FLAGS=3, APPDATA=C:\Users\zhenpenglu\AppData\Roaming, PSMODULEPATH=C:\Windows\system32\WindowsPowerShell\v1.0\Modules\, PROGRAMW6432=C:\Program Files, PROGRAMDATA=C:\ProgramData, SYSTEMROOT=C:\Windows, USERNAME=ZhenpengLu, USERDNSDOMAIN=QUARK.COM, ORACLE_HOME=D:\java\instantclient_11_2, PATHEXT=.COM;.EXE;.BAT;.CMD;.VBS;.VBE;.JS;.JSE;.WSF;.WSH;.MSC, OS=Windows_NT, COMMONPROGRAMW6432=C:\Program Files\Common Files, COMPUTERNAME=QF-ZHENPENGL-01, COMMONPROGRAMFILES=C:\Program Files\Common Files, COMSPEC=C:\Windows\system32\cmd.exe, CONSUL_HOME=D:\java\consul, PROCESSOR_REVISION=5e03, WINDIR=C:\Windows, RABBITMQ_SERVER=D:\java\RabbitMQ\rabbitmq_server-3.6.12, =D:=D:\idea workspace\spring-boot-module-master\security, HOMEPATH=\Users\zhenpenglu, TEMP=C:\Users\ZHENPE~1\AppData\Local\Temp, HOMEDRIVE=C:, PROCESSOR_IDENTIFIER=Intel64 Family 6 Model 94 Stepping 3, GenuineIntel, USERPROFILE=C:\Users\zhenpenglu, TMP=C:\Users\ZHENPE~1\AppData\Local\Temp, WINDOWS_TRACING_LOGFILE=C:\BVTBin\Tests\installpackage\csilogfile.log, PUBLIC=C:\Users\Public, NUMBER_OF_PROCESSORS=8, =::=::\}}]
10:32:06.793 [main] INFO org.springframework.boot.test.context.SpringBootTestContextBootstrapper - Found @SpringBootConfiguration com.quark.module.SampleSecurityApplication for test class com.quark.module.ManagementPortAndPathSampleActuatorApplicationTests
10:32:06.795 [main] DEBUG org.springframework.boot.test.context.SpringBootTestContextBootstrapper - @TestExecutionListeners is not present for class [com.quark.module.ManagementPortAndPathSampleActuatorApplicationTests]: using defaults.
10:32:06.797 [main] INFO org.springframework.boot.test.context.SpringBootTestContextBootstrapper - Loaded default TestExecutionListener class names from location [META-INF/spring.factories]: [org.springframework.boot.test.mock.mockito.MockitoTestExecutionListener, org.springframework.boot.test.mock.mockito.ResetMocksTestExecutionListener, org.springframework.boot.test.autoconfigure.restdocs.RestDocsTestExecutionListener, org.springframework.boot.test.autoconfigure.web.client.MockRestServiceServerResetTestExecutionListener, org.springframework.boot.test.autoconfigure.web.servlet.MockMvcPrintOnlyOnFailureTestExecutionListener, org.springframework.boot.test.autoconfigure.web.servlet.WebDriverTestExecutionListener, org.springframework.test.context.web.ServletTestExecutionListener, org.springframework.test.context.support.DirtiesContextBeforeModesTestExecutionListener, org.springframework.test.context.support.DependencyInjectionTestExecutionListener, org.springframework.test.context.support.DirtiesContextTestExecutionListener, org.springframework.test.context.transaction.TransactionalTestExecutionListener, org.springframework.test.context.jdbc.SqlScriptsTestExecutionListener]
10:32:06.803 [main] INFO org.springframework.boot.test.context.SpringBootTestContextBootstrapper - Could not instantiate TestExecutionListener [org.springframework.test.context.jdbc.SqlScriptsTestExecutionListener]. Specify custom listener classes or make the default listener classes (and their required dependencies) available. Offending class: [org/springframework/transaction/interceptor/TransactionAttribute]
10:32:06.804 [main] INFO org.springframework.boot.test.context.SpringBootTestContextBootstrapper - Could not instantiate TestExecutionListener [org.springframework.test.context.transaction.TransactionalTestExecutionListener]. Specify custom listener classes or make the default listener classes (and their required dependencies) available. Offending class: [org/springframework/transaction/interceptor/TransactionAttributeSource]
10:32:06.804 [main] INFO org.springframework.boot.test.context.SpringBootTestContextBootstrapper - Using TestExecutionListeners: [org.springframework.test.context.web.ServletTestExecutionListener@58c1c010, org.springframework.test.context.support.DirtiesContextBeforeModesTestExecutionListener@b7f23d9, org.springframework.boot.test.autoconfigure.SpringBootDependencyInjectionTestExecutionListener@61d47554, org.springframework.test.context.support.DirtiesContextTestExecutionListener@69b794e2, org.springframework.boot.test.mock.mockito.MockitoTestExecutionListener@3f200884, org.springframework.boot.test.mock.mockito.ResetMocksTestExecutionListener@4d339552, org.springframework.boot.test.autoconfigure.restdocs.RestDocsTestExecutionListener@f0f2775, org.springframework.boot.test.autoconfigure.web.client.MockRestServiceServerResetTestExecutionListener@5a4aa2f2, org.springframework.boot.test.autoconfigure.web.servlet.MockMvcPrintOnlyOnFailureTestExecutionListener@6591f517, org.springframework.boot.test.autoconfigure.web.servlet.WebDriverTestExecutionListener@345965f2]
10:32:06.804 [main] DEBUG org.springframework.test.context.junit4.SpringJUnit4ClassRunner - SpringJUnit4ClassRunner constructor called with [class com.quark.module.SampleActuatorCustomSecurityApplicationTests]
10:32:06.804 [main] DEBUG org.springframework.test.context.BootstrapUtils - Instantiating CacheAwareContextLoaderDelegate from class [org.springframework.test.context.cache.DefaultCacheAwareContextLoaderDelegate]
10:32:06.804 [main] DEBUG org.springframework.test.context.BootstrapUtils - Instantiating BootstrapContext using constructor [public org.springframework.test.context.support.DefaultBootstrapContext(java.lang.Class,org.springframework.test.context.CacheAwareContextLoaderDelegate)]
10:32:06.805 [main] DEBUG org.springframework.test.context.BootstrapUtils - Instantiating TestContextBootstrapper for test class [com.quark.module.SampleActuatorCustomSecurityApplicationTests] from class [org.springframework.boot.test.context.SpringBootTestContextBootstrapper]
10:32:06.805 [main] INFO org.springframework.boot.test.context.SpringBootTestContextBootstrapper - Neither @ContextConfiguration nor @ContextHierarchy found for test class [com.quark.module.SampleActuatorCustomSecurityApplicationTests], using SpringBootContextLoader
10:32:06.805 [main] DEBUG org.springframework.test.context.support.AbstractContextLoader - Did not detect default resource location for test class [com.quark.module.SampleActuatorCustomSecurityApplicationTests]: class path resource [com/quark/module/SampleActuatorCustomSecurityApplicationTests-context.xml] does not exist
10:32:06.806 [main] DEBUG org.springframework.test.context.support.AbstractContextLoader - Did not detect default resource location for test class [com.quark.module.SampleActuatorCustomSecurityApplicationTests]: class path resource [com/quark/module/SampleActuatorCustomSecurityApplicationTestsContext.groovy] does not exist
10:32:06.806 [main] INFO org.springframework.test.context.support.AbstractContextLoader - Could not detect default resource locations for test class [com.quark.module.SampleActuatorCustomSecurityApplicationTests]: no resource found for suffixes {-context.xml, Context.groovy}.
10:32:06.806 [main] INFO org.springframework.test.context.support.AnnotationConfigContextLoaderUtils - Could not detect default configuration classes for test class [com.quark.module.SampleActuatorCustomSecurityApplicationTests]: SampleActuatorCustomSecurityApplicationTests does not declare any static, non-private, non-final, nested classes annotated with @Configuration.
10:32:06.809 [main] DEBUG org.springframework.test.context.support.ActiveProfilesUtils - Could not find an 'annotation declaring class' for annotation type [org.springframework.test.context.ActiveProfiles] and class [com.quark.module.SampleActuatorCustomSecurityApplicationTests]
10:32:06.809 [main] DEBUG org.springframework.core.env.StandardEnvironment - Adding PropertySource 'systemProperties' with lowest search precedence
10:32:06.809 [main] DEBUG org.springframework.core.env.StandardEnvironment - Adding PropertySource 'systemEnvironment' with lowest search precedence
10:32:06.810 [main] DEBUG org.springframework.core.env.StandardEnvironment - Initialized StandardEnvironment with PropertySources [MapPropertySource@1368594774 {name='systemProperties', properties={idea.version=2016.1.1, java.runtime.name=Java(TM) SE Runtime Environment, sun.boot.library.path=C:\Program Files\Java\jdk1.8.0_144\jre\bin, java.vm.version=25.144-b01, java.vm.vendor=Oracle Corporation, java.vendor.url=http://java.oracle.com/, path.separator=;, java.vm.name=Java HotSpot(TM) 64-Bit Server VM, file.encoding.pkg=sun.io, user.country=CN, user.script=, sun.java.launcher=SUN_STANDARD, sun.os.patch.level=Service Pack 1, java.vm.specification.name=Java Virtual Machine Specification, user.dir=D:\idea workspace\spring-boot-module-master\security, java.runtime.version=1.8.0_144-b01, basedir=D:\idea workspace\spring-boot-module-master\security, java.awt.graphicsenv=sun.awt.Win32GraphicsEnvironment, java.endorsed.dirs=C:\Program Files\Java\jdk1.8.0_144\jre\lib\endorsed, os.arch=amd64, surefire.real.class.path=D:\idea workspace\spring-boot-module-master\security\target\surefire\surefirebooter8726407336052111295.jar, java.io.tmpdir=C:\Users\ZHENPE~1\AppData\Local\Temp\, line.separator=
, java.vm.specification.vendor=Oracle Corporation, user.variant=, os.name=Windows 7, sun.jnu.encoding=GBK, java.library.path=C:\Program Files\Java\jdk1.8.0_144\jre\bin;C:\Windows\Sun\Java\bin;C:\Windows\system32;C:\Windows;D:\java\consul;C:\Program Files\erl8.1\bin;D:\java\RabbitMQ\rabbitmq_server-3.6.12\sbin;D:\java\instantclient_11_2;D:\java\apache-maven-3.5.0\bin;C:\Program Files\Java\jdk1.8.0_144\bin;C:\ProgramData\Oracle\Java\javapath;C:\Windows\system32;C:\Windows;C:\Windows\System32\Wbem;C:\Windows\System32\WindowsPowerShell\v1.0\;D:\java\tortoiseSvn\bin;D:\java\instantclient_11_2;D:\java\Git\cmd;C:\Users\zhenpenglu\AppData\Local\Programs\Fiddler;C:\Users\zhenpenglu\AppData\Local\GitHubDesktop\bin;D:\program\Fiddler;., surefire.test.class.path=D:\idea workspace\spring-boot-module-master\security\target\test-classes;D:\idea workspace\spring-boot-module-master\security\target\classes;D:\idea repository\org\springframework\boot\spring-boot-starter-actuator\1.5.9.RELEASE\spring-boot-starter-actuator-1.5.9.RELEASE.jar;D:\idea repository\org\springframework\boot\spring-boot-starter\1.5.9.RELEASE\spring-boot-starter-1.5.9.RELEASE.jar;D:\idea repository\org\springframework\boot\spring-boot\1.5.9.RELEASE\spring-boot-1.5.9.RELEASE.jar;D:\idea repository\org\springframework\boot\spring-boot-autoconfigure\1.5.9.RELEASE\spring-boot-autoconfigure-1.5.9.RELEASE.jar;D:\idea repository\org\yaml\snakeyaml\1.17\snakeyaml-1.17.jar;D:\idea repository\org\springframework\boot\spring-boot-actuator\1.5.9.RELEASE\spring-boot-actuator-1.5.9.RELEASE.jar;D:\idea repository\org\springframework\spring-context\4.3.13.RELEASE\spring-context-4.3.13.RELEASE.jar;D:\idea repository\org\springframework\boot\spring-boot-starter-freemarker\1.5.9.RELEASE\spring-boot-starter-freemarker-1.5.9.RELEASE.jar;D:\idea repository\org\freemarker\freemarker\2.3.27-incubating\freemarker-2.3.27-incubating.jar;D:\idea repository\org\springframework\spring-context-support\4.3.13.RELEASE\spring-context-support-4.3.13.RELEASE.jar;D:\idea repository\org\springframework\spring-beans\4.3.13.RELEASE\spring-beans-4.3.13.RELEASE.jar;D:\idea repository\org\springframework\boot\spring-boot-starter-security\1.5.9.RELEASE\spring-boot-starter-security-1.5.9.RELEASE.jar;D:\idea repository\org\springframework\spring-aop\4.3.13.RELEASE\spring-aop-4.3.13.RELEASE.jar;D:\idea repository\org\springframework\security\spring-security-config\4.2.3.RELEASE\spring-security-config-4.2.3.RELEASE.jar;D:\idea repository\org\springframework\security\spring-security-core\4.2.3.RELEASE\spring-security-core-4.2.3.RELEASE.jar;D:\idea repository\org\springframework\security\spring-security-web\4.2.3.RELEASE\spring-security-web-4.2.3.RELEASE.jar;D:\idea repository\org\springframework\spring-expression\4.3.13.RELEASE\spring-expression-4.3.13.RELEASE.jar;D:\idea repository\org\jolokia\jolokia-core\1.3.7\jolokia-core-1.3.7.jar;D:\idea repository\com\googlecode\json-simple\json-simple\1.1.1\json-simple-1.1.1.jar;D:\idea repository\org\apache\httpcomponents\httpclient\4.5.3\httpclient-4.5.3.jar;D:\idea repository\org\apache\httpcomponents\httpcore\4.4.8\httpcore-4.4.8.jar;D:\idea repository\commons-codec\commons-codec\1.10\commons-codec-1.10.jar;D:\idea repository\org\springframework\boot\spring-boot-starter-test\1.5.9.RELEASE\spring-boot-starter-test-1.5.9.RELEASE.jar;D:\idea repository\org\springframework\boot\spring-boot-test\1.5.9.RELEASE\spring-boot-test-1.5.9.RELEASE.jar;D:\idea repository\org\springframework\boot\spring-boot-test-autoconfigure\1.5.9.RELEASE\spring-boot-test-autoconfigure-1.5.9.RELEASE.jar;D:\idea repository\com\jayway\jsonpath\json-path\2.2.0\json-path-2.2.0.jar;D:\idea repository\net\minidev\json-smart\2.2.1\json-smart-2.2.1.jar;D:\idea repository\net\minidev\accessors-smart\1.1\accessors-smart-1.1.jar;D:\idea repository\org\ow2\asm\asm\5.0.3\asm-5.0.3.jar;D:\idea repository\org\slf4j\slf4j-api\1.7.25\slf4j-api-1.7.25.jar;D:\idea repository\junit\junit\4.12\junit-4.12.jar;D:\idea repository\org\assertj\assertj-core\2.6.0\assertj-core-2.6.0.jar;D:\idea repository\org\mockito\mockito-core\1.10.19\mockito-core-1.10.19.jar;D:\idea repository\org\objenesis\objenesis\2.1\objenesis-2.1.jar;D:\idea repository\org\hamcrest\hamcrest-core\1.3\hamcrest-core-1.3.jar;D:\idea repository\org\hamcrest\hamcrest-library\1.3\hamcrest-library-1.3.jar;D:\idea repository\org\skyscreamer\jsonassert\1.4.0\jsonassert-1.4.0.jar;D:\idea repository\com\vaadin\external\google\android-json\0.0.20131108.vaadin1\android-json-0.0.20131108.vaadin1.jar;D:\idea repository\org\springframework\spring-core\4.3.13.RELEASE\spring-core-4.3.13.RELEASE.jar;D:\idea repository\org\springframework\spring-test\4.3.13.RELEASE\spring-test-4.3.13.RELEASE.jar;D:\idea repository\org\springframework\boot\spring-boot-starter-web\1.5.9.RELEASE\spring-boot-starter-web-1.5.9.RELEASE.jar;D:\idea repository\org\springframework\boot\spring-boot-starter-tomcat\1.5.9.RELEASE\spring-boot-starter-tomcat-1.5.9.RELEASE.jar;D:\idea repository\org\apache\tomcat\embed\tomcat-embed-core\8.5.23\tomcat-embed-core-8.5.23.jar;D:\idea repository\org\apache\tomcat\tomcat-annotations-api\8.5.23\tomcat-annotations-api-8.5.23.jar;D:\idea repository\org\apache\tomcat\embed\tomcat-embed-el\8.5.23\tomcat-embed-el-8.5.23.jar;D:\idea repository\org\apache\tomcat\embed\tomcat-embed-websocket\8.5.23\tomcat-embed-websocket-8.5.23.jar;D:\idea repository\org\hibernate\hibernate-validator\5.3.6.Final\hibernate-validator-5.3.6.Final.jar;D:\idea repository\javax\validation\validation-api\1.1.0.Final\validation-api-1.1.0.Final.jar;D:\idea repository\org\jboss\logging\jboss-logging\3.3.1.Final\jboss-logging-3.3.1.Final.jar;D:\idea repository\com\fasterxml\classmate\1.3.4\classmate-1.3.4.jar;D:\idea repository\com\fasterxml\jackson\core\jackson-databind\2.8.10\jackson-databind-2.8.10.jar;D:\idea repository\com\fasterxml\jackson\core\jackson-annotations\2.8.0\jackson-annotations-2.8.0.jar;D:\idea repository\com\fasterxml\jackson\core\jackson-core\2.8.10\jackson-core-2.8.10.jar;D:\idea repository\org\springframework\spring-web\4.3.13.RELEASE\spring-web-4.3.13.RELEASE.jar;D:\idea repository\org\springframework\spring-webmvc\4.3.13.RELEASE\spring-webmvc-4.3.13.RELEASE.jar;D:\idea repository\org\apache\poi\poi\3.17\poi-3.17.jar;D:\idea repository\org\apache\commons\commons-collections4\4.1\commons-collections4-4.1.jar;D:\idea repository\org\apache\poi\poi-ooxml\3.17\poi-ooxml-3.17.jar;D:\idea repository\org\apache\poi\poi-ooxml-schemas\3.17\poi-ooxml-schemas-3.17.jar;D:\idea repository\org\apache\xmlbeans\xmlbeans\2.6.0\xmlbeans-2.6.0.jar;D:\idea repository\stax\stax-api\1.0.1\stax-api-1.0.1.jar;D:\idea repository\com\github\virtuald\curvesapi\1.04\curvesapi-1.04.jar;D:\idea repository\com\google\code\gson\gson\2.8.2\gson-2.8.2.jar;D:\idea repository\org\springframework\boot\spring-boot-starter-logging\1.5.9.RELEASE\spring-boot-starter-logging-1.5.9.RELEASE.jar;D:\idea repository\ch\qos\logback\logback-classic\1.1.11\logback-classic-1.1.11.jar;D:\idea repository\ch\qos\logback\logback-core\1.1.11\logback-core-1.1.11.jar;D:\idea repository\org\slf4j\jcl-over-slf4j\1.7.25\jcl-over-slf4j-1.7.25.jar;D:\idea repository\org\slf4j\jul-to-slf4j\1.7.25\jul-to-slf4j-1.7.25.jar;D:\idea repository\org\slf4j\log4j-over-slf4j\1.7.25\log4j-over-slf4j-1.7.25.jar;, java.specification.name=Java Platform API Specification, java.class.version=52.0, sun.management.compiler=HotSpot 64-Bit Tiered Compilers, maven.repo.local=D:\idea repository, os.version=6.1, user.home=C:\Users\zhenpenglu, user.timezone=Asia/Shanghai, java.awt.printerjob=sun.awt.windows.WPrinterJob, file.encoding=GBK, java.specification.version=1.8, java.class.path=D:\idea workspace\spring-boot-module-master\security\target\test-classes;D:\idea workspace\spring-boot-module-master\security\target\classes;D:\idea repository\org\springframework\boot\spring-boot-starter-actuator\1.5.9.RELEASE\spring-boot-starter-actuator-1.5.9.RELEASE.jar;D:\idea repository\org\springframework\boot\spring-boot-starter\1.5.9.RELEASE\spring-boot-starter-1.5.9.RELEASE.jar;D:\idea repository\org\springframework\boot\spring-boot\1.5.9.RELEASE\spring-boot-1.5.9.RELEASE.jar;D:\idea repository\org\springframework\boot\spring-boot-autoconfigure\1.5.9.RELEASE\spring-boot-autoconfigure-1.5.9.RELEASE.jar;D:\idea repository\org\yaml\snakeyaml\1.17\snakeyaml-1.17.jar;D:\idea repository\org\springframework\boot\spring-boot-actuator\1.5.9.RELEASE\spring-boot-actuator-1.5.9.RELEASE.jar;D:\idea repository\org\springframework\spring-context\4.3.13.RELEASE\spring-context-4.3.13.RELEASE.jar;D:\idea repository\org\springframework\boot\spring-boot-starter-freemarker\1.5.9.RELEASE\spring-boot-starter-freemarker-1.5.9.RELEASE.jar;D:\idea repository\org\freemarker\freemarker\2.3.27-incubating\freemarker-2.3.27-incubating.jar;D:\idea repository\org\springframework\spring-context-support\4.3.13.RELEASE\spring-context-support-4.3.13.RELEASE.jar;D:\idea repository\org\springframework\spring-beans\4.3.13.RELEASE\spring-beans-4.3.13.RELEASE.jar;D:\idea repository\org\springframework\boot\spring-boot-starter-security\1.5.9.RELEASE\spring-boot-starter-security-1.5.9.RELEASE.jar;D:\idea repository\org\springframework\spring-aop\4.3.13.RELEASE\spring-aop-4.3.13.RELEASE.jar;D:\idea repository\org\springframework\security\spring-security-config\4.2.3.RELEASE\spring-security-config-4.2.3.RELEASE.jar;D:\idea repository\org\springframework\security\spring-security-core\4.2.3.RELEASE\spring-security-core-4.2.3.RELEASE.jar;D:\idea repository\org\springframework\security\spring-security-web\4.2.3.RELEASE\spring-security-web-4.2.3.RELEASE.jar;D:\idea repository\org\springframework\spring-expression\4.3.13.RELEASE\spring-expression-4.3.13.RELEASE.jar;D:\idea repository\org\jolokia\jolokia-core\1.3.7\jolokia-core-1.3.7.jar;D:\idea repository\com\googlecode\json-simple\json-simple\1.1.1\json-simple-1.1.1.jar;D:\idea repository\org\apache\httpcomponents\httpclient\4.5.3\httpclient-4.5.3.jar;D:\idea repository\org\apache\httpcomponents\httpcore\4.4.8\httpcore-4.4.8.jar;D:\idea repository\commons-codec\commons-codec\1.10\commons-codec-1.10.jar;D:\idea repository\org\springframework\boot\spring-boot-starter-test\1.5.9.RELEASE\spring-boot-starter-test-1.5.9.RELEASE.jar;D:\idea repository\org\springframework\boot\spring-boot-test\1.5.9.RELEASE\spring-boot-test-1.5.9.RELEASE.jar;D:\idea repository\org\springframework\boot\spring-boot-test-autoconfigure\1.5.9.RELEASE\spring-boot-test-autoconfigure-1.5.9.RELEASE.jar;D:\idea repository\com\jayway\jsonpath\json-path\2.2.0\json-path-2.2.0.jar;D:\idea repository\net\minidev\json-smart\2.2.1\json-smart-2.2.1.jar;D:\idea repository\net\minidev\accessors-smart\1.1\accessors-smart-1.1.jar;D:\idea repository\org\ow2\asm\asm\5.0.3\asm-5.0.3.jar;D:\idea repository\org\slf4j\slf4j-api\1.7.25\slf4j-api-1.7.25.jar;D:\idea repository\junit\junit\4.12\junit-4.12.jar;D:\idea repository\org\assertj\assertj-core\2.6.0\assertj-core-2.6.0.jar;D:\idea repository\org\mockito\mockito-core\1.10.19\mockito-core-1.10.19.jar;D:\idea repository\org\objenesis\objenesis\2.1\objenesis-2.1.jar;D:\idea repository\org\hamcrest\hamcrest-core\1.3\hamcrest-core-1.3.jar;D:\idea repository\org\hamcrest\hamcrest-library\1.3\hamcrest-library-1.3.jar;D:\idea repository\org\skyscreamer\jsonassert\1.4.0\jsonassert-1.4.0.jar;D:\idea repository\com\vaadin\external\google\android-json\0.0.20131108.vaadin1\android-json-0.0.20131108.vaadin1.jar;D:\idea repository\org\springframework\spring-core\4.3.13.RELEASE\spring-core-4.3.13.RELEASE.jar;D:\idea repository\org\springframework\spring-test\4.3.13.RELEASE\spring-test-4.3.13.RELEASE.jar;D:\idea repository\org\springframework\boot\spring-boot-starter-web\1.5.9.RELEASE\spring-boot-starter-web-1.5.9.RELEASE.jar;D:\idea repository\org\springframework\boot\spring-boot-starter-tomcat\1.5.9.RELEASE\spring-boot-starter-tomcat-1.5.9.RELEASE.jar;D:\idea repository\org\apache\tomcat\embed\tomcat-embed-core\8.5.23\tomcat-embed-core-8.5.23.jar;D:\idea repository\org\apache\tomcat\tomcat-annotations-api\8.5.23\tomcat-annotations-api-8.5.23.jar;D:\idea repository\org\apache\tomcat\embed\tomcat-embed-el\8.5.23\tomcat-embed-el-8.5.23.jar;D:\idea repository\org\apache\tomcat\embed\tomcat-embed-websocket\8.5.23\tomcat-embed-websocket-8.5.23.jar;D:\idea repository\org\hibernate\hibernate-validator\5.3.6.Final\hibernate-validator-5.3.6.Final.jar;D:\idea repository\javax\validation\validation-api\1.1.0.Final\validation-api-1.1.0.Final.jar;D:\idea repository\org\jboss\logging\jboss-logging\3.3.1.Final\jboss-logging-3.3.1.Final.jar;D:\idea repository\com\fasterxml\classmate\1.3.4\classmate-1.3.4.jar;D:\idea repository\com\fasterxml\jackson\core\jackson-databind\2.8.10\jackson-databind-2.8.10.jar;D:\idea repository\com\fasterxml\jackson\core\jackson-annotations\2.8.0\jackson-annotations-2.8.0.jar;D:\idea repository\com\fasterxml\jackson\core\jackson-core\2.8.10\jackson-core-2.8.10.jar;D:\idea repository\org\springframework\spring-web\4.3.13.RELEASE\spring-web-4.3.13.RELEASE.jar;D:\idea repository\org\springframework\spring-webmvc\4.3.13.RELEASE\spring-webmvc-4.3.13.RELEASE.jar;D:\idea repository\org\apache\poi\poi\3.17\poi-3.17.jar;D:\idea repository\org\apache\commons\commons-collections4\4.1\commons-collections4-4.1.jar;D:\idea repository\org\apache\poi\poi-ooxml\3.17\poi-ooxml-3.17.jar;D:\idea repository\org\apache\poi\poi-ooxml-schemas\3.17\poi-ooxml-schemas-3.17.jar;D:\idea repository\org\apache\xmlbeans\xmlbeans\2.6.0\xmlbeans-2.6.0.jar;D:\idea repository\stax\stax-api\1.0.1\stax-api-1.0.1.jar;D:\idea repository\com\github\virtuald\curvesapi\1.04\curvesapi-1.04.jar;D:\idea repository\com\google\code\gson\gson\2.8.2\gson-2.8.2.jar;D:\idea repository\org\springframework\boot\spring-boot-starter-logging\1.5.9.RELEASE\spring-boot-starter-logging-1.5.9.RELEASE.jar;D:\idea repository\ch\qos\logback\logback-classic\1.1.11\logback-classic-1.1.11.jar;D:\idea repository\ch\qos\logback\logback-core\1.1.11\logback-core-1.1.11.jar;D:\idea repository\org\slf4j\jcl-over-slf4j\1.7.25\jcl-over-slf4j-1.7.25.jar;D:\idea repository\org\slf4j\jul-to-slf4j\1.7.25\jul-to-slf4j-1.7.25.jar;D:\idea repository\org\slf4j\log4j-over-slf4j\1.7.25\log4j-over-slf4j-1.7.25.jar;, user.name=ZhenpengLu, java.vm.specification.version=1.8, sun.java.command=D:\idea workspace\spring-boot-module-master\security\target\surefire\surefirebooter8726407336052111295.jar D:\idea workspace\spring-boot-module-master\security\target\surefire\surefire1361224767460444491tmp D:\idea workspace\spring-boot-module-master\security\target\surefire\surefire_08197419383922090283tmp, java.home=C:\Program Files\Java\jdk1.8.0_144\jre, sun.arch.data.model=64, user.language=zh, java.specification.vendor=Oracle Corporation, awt.toolkit=sun.awt.windows.WToolkit, java.vm.info=mixed mode, java.version=1.8.0_144, java.ext.dirs=C:\Program Files\Java\jdk1.8.0_144\jre\lib\ext;C:\Windows\Sun\Java\lib\ext, sun.boot.class.path=C:\Program Files\Java\jdk1.8.0_144\jre\lib\resources.jar;C:\Program Files\Java\jdk1.8.0_144\jre\lib\rt.jar;C:\Program Files\Java\jdk1.8.0_144\jre\lib\sunrsasign.jar;C:\Program Files\Java\jdk1.8.0_144\jre\lib\jsse.jar;C:\Program Files\Java\jdk1.8.0_144\jre\lib\jce.jar;C:\Program Files\Java\jdk1.8.0_144\jre\lib\charsets.jar;C:\Program Files\Java\jdk1.8.0_144\jre\lib\jfr.jar;C:\Program Files\Java\jdk1.8.0_144\jre\classes, java.vendor=Oracle Corporation, localRepository=D:\idea repository, file.separator=\, java.vendor.url.bug=http://bugreport.sun.com/bugreport/, sun.io.unicode.encoding=UnicodeLittle, sun.cpu.endian=little, sun.desktop=windows, sun.cpu.isalist=amd64}}, SystemEnvironmentPropertySource@726281927 {name='systemEnvironment', properties={PATH=D:\java\consul;C:\Program Files\erl8.1\bin;D:\java\RabbitMQ\rabbitmq_server-3.6.12\sbin;D:\java\instantclient_11_2;D:\java\apache-maven-3.5.0\bin;C:\Program Files\Java\jdk1.8.0_144\bin;C:\ProgramData\Oracle\Java\javapath;C:\Windows\system32;C:\Windows;C:\Windows\System32\Wbem;C:\Windows\System32\WindowsPowerShell\v1.0\;D:\java\tortoiseSvn\bin;D:\java\instantclient_11_2;D:\java\Git\cmd;C:\Users\zhenpenglu\AppData\Local\Programs\Fiddler;C:\Users\zhenpenglu\AppData\Local\GitHubDesktop\bin;D:\program\Fiddler, LOCALAPPDATA=C:\Users\zhenpenglu\AppData\Local, PROCESSOR_LEVEL=6, SYSTEMDRIVE=C:, COMMONPROGRAMFILES(X86)=C:\Program Files (x86)\Common Files, FP_NO_HOST_CHECK=NO, USERDOMAIN=QUARK, LOGONSERVER=\\IDC-DC-01, JAVA_HOME=C:\Program Files\Java\jdk1.8.0_144, PROMPT=$P$G, SESSIONNAME=Console, ALLUSERSPROFILE=C:\ProgramData, PROGRAMFILES(X86)=C:\Program Files (x86), PROCESSOR_ARCHITECTURE=AMD64, ERLANG_HOME=C:\Program Files\erl8.1, MAVEN_HOME=D:\java\apache-maven-3.5.0, PROGRAMFILES=C:\Program Files, WINDOWS_TRACING_FLAGS=3, APPDATA=C:\Users\zhenpenglu\AppData\Roaming, PSMODULEPATH=C:\Windows\system32\WindowsPowerShell\v1.0\Modules\, PROGRAMW6432=C:\Program Files, PROGRAMDATA=C:\ProgramData, SYSTEMROOT=C:\Windows, USERNAME=ZhenpengLu, USERDNSDOMAIN=QUARK.COM, ORACLE_HOME=D:\java\instantclient_11_2, PATHEXT=.COM;.EXE;.BAT;.CMD;.VBS;.VBE;.JS;.JSE;.WSF;.WSH;.MSC, OS=Windows_NT, COMMONPROGRAMW6432=C:\Program Files\Common Files, COMPUTERNAME=QF-ZHENPENGL-01, COMMONPROGRAMFILES=C:\Program Files\Common Files, COMSPEC=C:\Windows\system32\cmd.exe, CONSUL_HOME=D:\java\consul, PROCESSOR_REVISION=5e03, WINDIR=C:\Windows, RABBITMQ_SERVER=D:\java\RabbitMQ\rabbitmq_server-3.6.12, =D:=D:\idea workspace\spring-boot-module-master\security, HOMEPATH=\Users\zhenpenglu, TEMP=C:\Users\ZHENPE~1\AppData\Local\Temp, HOMEDRIVE=C:, PROCESSOR_IDENTIFIER=Intel64 Family 6 Model 94 Stepping 3, GenuineIntel, USERPROFILE=C:\Users\zhenpenglu, TMP=C:\Users\ZHENPE~1\AppData\Local\Temp, WINDOWS_TRACING_LOGFILE=C:\BVTBin\Tests\installpackage\csilogfile.log, PUBLIC=C:\Users\Public, NUMBER_OF_PROCESSORS=8, =::=::\}}]
10:32:06.811 [main] INFO org.springframework.boot.test.context.SpringBootTestContextBootstrapper - Found @SpringBootConfiguration com.quark.module.SampleSecurityApplication for test class com.quark.module.SampleActuatorCustomSecurityApplicationTests
10:32:06.812 [main] DEBUG org.springframework.boot.test.context.SpringBootTestContextBootstrapper - @TestExecutionListeners is not present for class [com.quark.module.SampleActuatorCustomSecurityApplicationTests]: using defaults.
10:32:06.815 [main] INFO org.springframework.boot.test.context.SpringBootTestContextBootstrapper - Loaded default TestExecutionListener class names from location [META-INF/spring.factories]: [org.springframework.boot.test.mock.mockito.MockitoTestExecutionListener, org.springframework.boot.test.mock.mockito.ResetMocksTestExecutionListener, org.springframework.boot.test.autoconfigure.restdocs.RestDocsTestExecutionListener, org.springframework.boot.test.autoconfigure.web.client.MockRestServiceServerResetTestExecutionListener, org.springframework.boot.test.autoconfigure.web.servlet.MockMvcPrintOnlyOnFailureTestExecutionListener, org.springframework.boot.test.autoconfigure.web.servlet.WebDriverTestExecutionListener, org.springframework.test.context.web.ServletTestExecutionListener, org.springframework.test.context.support.DirtiesContextBeforeModesTestExecutionListener, org.springframework.test.context.support.DependencyInjectionTestExecutionListener, org.springframework.test.context.support.DirtiesContextTestExecutionListener, org.springframework.test.context.transaction.TransactionalTestExecutionListener, org.springframework.test.context.jdbc.SqlScriptsTestExecutionListener]
10:32:06.817 [main] INFO org.springframework.boot.test.context.SpringBootTestContextBootstrapper - Could not instantiate TestExecutionListener [org.springframework.test.context.jdbc.SqlScriptsTestExecutionListener]. Specify custom listener classes or make the default listener classes (and their required dependencies) available. Offending class: [org/springframework/transaction/interceptor/TransactionAttribute]
10:32:06.817 [main] INFO org.springframework.boot.test.context.SpringBootTestContextBootstrapper - Could not instantiate TestExecutionListener [org.springframework.test.context.transaction.TransactionalTestExecutionListener]. Specify custom listener classes or make the default listener classes (and their required dependencies) available. Offending class: [org/springframework/transaction/interceptor/TransactionAttributeSource]
10:32:06.817 [main] INFO org.springframework.boot.test.context.SpringBootTestContextBootstrapper - Using TestExecutionListeners: [org.springframework.test.context.web.ServletTestExecutionListener@52aa2946, org.springframework.test.context.support.DirtiesContextBeforeModesTestExecutionListener@4de5031f, org.springframework.boot.test.autoconfigure.SpringBootDependencyInjectionTestExecutionListener@67e2d983, org.springframework.test.context.support.DirtiesContextTestExecutionListener@5d47c63f, org.springframework.boot.test.mock.mockito.MockitoTestExecutionListener@5ea434c8, org.springframework.boot.test.mock.mockito.ResetMocksTestExecutionListener@3bbc39f8, org.springframework.boot.test.autoconfigure.restdocs.RestDocsTestExecutionListener@4ae3c1cd, org.springframework.boot.test.autoconfigure.web.client.MockRestServiceServerResetTestExecutionListener@29f69090, org.springframework.boot.test.autoconfigure.web.servlet.MockMvcPrintOnlyOnFailureTestExecutionListener@568bf312, org.springframework.boot.test.autoconfigure.web.servlet.WebDriverTestExecutionListener@ca263c2]
10:32:06.819 [main] DEBUG org.springframework.test.annotation.ProfileValueUtils - Retrieved @ProfileValueSourceConfiguration [null] for test class [com.quark.module.CorsSampleActuatorApplicationTests]
10:32:06.820 [main] DEBUG org.springframework.test.annotation.ProfileValueUtils - Retrieved ProfileValueSource type [class org.springframework.test.annotation.SystemProfileValueSource] for class [com.quark.module.CorsSampleActuatorApplicationTests]
10:32:06.820 [main] DEBUG org.springframework.test.annotation.ProfileValueUtils - Retrieved @ProfileValueSourceConfiguration [null] for test class [com.quark.module.ManagementPortAndPathSampleActuatorApplicationTests]
10:32:06.820 [main] DEBUG org.springframework.test.annotation.ProfileValueUtils - Retrieved ProfileValueSource type [class org.springframework.test.annotation.SystemProfileValueSource] for class [com.quark.module.ManagementPortAndPathSampleActuatorApplicationTests]
10:32:06.820 [main] DEBUG org.springframework.test.annotation.ProfileValueUtils - Retrieved @ProfileValueSourceConfiguration [null] for test class [com.quark.module.SampleActuatorCustomSecurityApplicationTests]
10:32:06.820 [main] DEBUG org.springframework.test.annotation.ProfileValueUtils - Retrieved ProfileValueSource type [class org.springframework.test.annotation.SystemProfileValueSource] for class [com.quark.module.SampleActuatorCustomSecurityApplicationTests]
10:32:06.823 [main] DEBUG org.springframework.test.context.junit4.SpringJUnit4ClassRunner - SpringJUnit4ClassRunner constructor called with [class com.quark.module.CorsSampleActuatorApplicationTests]
10:32:06.823 [main] DEBUG org.springframework.test.context.BootstrapUtils - Instantiating CacheAwareContextLoaderDelegate from class [org.springframework.test.context.cache.DefaultCacheAwareContextLoaderDelegate]
10:32:06.823 [main] DEBUG org.springframework.test.context.BootstrapUtils - Instantiating BootstrapContext using constructor [public org.springframework.test.context.support.DefaultBootstrapContext(java.lang.Class,org.springframework.test.context.CacheAwareContextLoaderDelegate)]
10:32:06.824 [main] DEBUG org.springframework.test.context.BootstrapUtils - Instantiating TestContextBootstrapper for test class [com.quark.module.CorsSampleActuatorApplicationTests] from class [org.springframework.boot.test.context.SpringBootTestContextBootstrapper]
10:32:06.824 [main] INFO org.springframework.boot.test.context.SpringBootTestContextBootstrapper - Neither @ContextConfiguration nor @ContextHierarchy found for test class [com.quark.module.CorsSampleActuatorApplicationTests], using SpringBootContextLoader
10:32:06.824 [main] DEBUG org.springframework.test.context.support.AbstractContextLoader - Did not detect default resource location for test class [com.quark.module.CorsSampleActuatorApplicationTests]: class path resource [com/quark/module/CorsSampleActuatorApplicationTests-context.xml] does not exist
10:32:06.825 [main] DEBUG org.springframework.test.context.support.AbstractContextLoader - Did not detect default resource location for test class [com.quark.module.CorsSampleActuatorApplicationTests]: class path resource [com/quark/module/CorsSampleActuatorApplicationTestsContext.groovy] does not exist
10:32:06.825 [main] INFO org.springframework.test.context.support.AbstractContextLoader - Could not detect default resource locations for test class [com.quark.module.CorsSampleActuatorApplicationTests]: no resource found for suffixes {-context.xml, Context.groovy}.
10:32:06.825 [main] INFO org.springframework.test.context.support.AnnotationConfigContextLoaderUtils - Could not detect default configuration classes for test class [com.quark.module.CorsSampleActuatorApplicationTests]: CorsSampleActuatorApplicationTests does not declare any static, non-private, non-final, nested classes annotated with @Configuration.
10:32:06.829 [main] DEBUG org.springframework.core.env.StandardEnvironment - Adding PropertySource 'systemProperties' with lowest search precedence
10:32:06.829 [main] DEBUG org.springframework.core.env.StandardEnvironment - Adding PropertySource 'systemEnvironment' with lowest search precedence
10:32:06.829 [main] DEBUG org.springframework.core.env.StandardEnvironment - Initialized StandardEnvironment with PropertySources [MapPropertySource@1593180232 {name='systemProperties', properties={idea.version=2016.1.1, java.runtime.name=Java(TM) SE Runtime Environment, sun.boot.library.path=C:\Program Files\Java\jdk1.8.0_144\jre\bin, java.vm.version=25.144-b01, java.vm.vendor=Oracle Corporation, java.vendor.url=http://java.oracle.com/, path.separator=;, java.vm.name=Java HotSpot(TM) 64-Bit Server VM, file.encoding.pkg=sun.io, user.country=CN, user.script=, sun.java.launcher=SUN_STANDARD, sun.os.patch.level=Service Pack 1, java.vm.specification.name=Java Virtual Machine Specification, user.dir=D:\idea workspace\spring-boot-module-master\security, java.runtime.version=1.8.0_144-b01, basedir=D:\idea workspace\spring-boot-module-master\security, java.awt.graphicsenv=sun.awt.Win32GraphicsEnvironment, java.endorsed.dirs=C:\Program Files\Java\jdk1.8.0_144\jre\lib\endorsed, os.arch=amd64, surefire.real.class.path=D:\idea workspace\spring-boot-module-master\security\target\surefire\surefirebooter8726407336052111295.jar, java.io.tmpdir=C:\Users\ZHENPE~1\AppData\Local\Temp\, line.separator=
, java.vm.specification.vendor=Oracle Corporation, user.variant=, os.name=Windows 7, sun.jnu.encoding=GBK, java.library.path=C:\Program Files\Java\jdk1.8.0_144\jre\bin;C:\Windows\Sun\Java\bin;C:\Windows\system32;C:\Windows;D:\java\consul;C:\Program Files\erl8.1\bin;D:\java\RabbitMQ\rabbitmq_server-3.6.12\sbin;D:\java\instantclient_11_2;D:\java\apache-maven-3.5.0\bin;C:\Program Files\Java\jdk1.8.0_144\bin;C:\ProgramData\Oracle\Java\javapath;C:\Windows\system32;C:\Windows;C:\Windows\System32\Wbem;C:\Windows\System32\WindowsPowerShell\v1.0\;D:\java\tortoiseSvn\bin;D:\java\instantclient_11_2;D:\java\Git\cmd;C:\Users\zhenpenglu\AppData\Local\Programs\Fiddler;C:\Users\zhenpenglu\AppData\Local\GitHubDesktop\bin;D:\program\Fiddler;., surefire.test.class.path=D:\idea workspace\spring-boot-module-master\security\target\test-classes;D:\idea workspace\spring-boot-module-master\security\target\classes;D:\idea repository\org\springframework\boot\spring-boot-starter-actuator\1.5.9.RELEASE\spring-boot-starter-actuator-1.5.9.RELEASE.jar;D:\idea repository\org\springframework\boot\spring-boot-starter\1.5.9.RELEASE\spring-boot-starter-1.5.9.RELEASE.jar;D:\idea repository\org\springframework\boot\spring-boot\1.5.9.RELEASE\spring-boot-1.5.9.RELEASE.jar;D:\idea repository\org\springframework\boot\spring-boot-autoconfigure\1.5.9.RELEASE\spring-boot-autoconfigure-1.5.9.RELEASE.jar;D:\idea repository\org\yaml\snakeyaml\1.17\snakeyaml-1.17.jar;D:\idea repository\org\springframework\boot\spring-boot-actuator\1.5.9.RELEASE\spring-boot-actuator-1.5.9.RELEASE.jar;D:\idea repository\org\springframework\spring-context\4.3.13.RELEASE\spring-context-4.3.13.RELEASE.jar;D:\idea repository\org\springframework\boot\spring-boot-starter-freemarker\1.5.9.RELEASE\spring-boot-starter-freemarker-1.5.9.RELEASE.jar;D:\idea repository\org\freemarker\freemarker\2.3.27-incubating\freemarker-2.3.27-incubating.jar;D:\idea repository\org\springframework\spring-context-support\4.3.13.RELEASE\spring-context-support-4.3.13.RELEASE.jar;D:\idea repository\org\springframework\spring-beans\4.3.13.RELEASE\spring-beans-4.3.13.RELEASE.jar;D:\idea repository\org\springframework\boot\spring-boot-starter-security\1.5.9.RELEASE\spring-boot-starter-security-1.5.9.RELEASE.jar;D:\idea repository\org\springframework\spring-aop\4.3.13.RELEASE\spring-aop-4.3.13.RELEASE.jar;D:\idea repository\org\springframework\security\spring-security-config\4.2.3.RELEASE\spring-security-config-4.2.3.RELEASE.jar;D:\idea repository\org\springframework\security\spring-security-core\4.2.3.RELEASE\spring-security-core-4.2.3.RELEASE.jar;D:\idea repository\org\springframework\security\spring-security-web\4.2.3.RELEASE\spring-security-web-4.2.3.RELEASE.jar;D:\idea repository\org\springframework\spring-expression\4.3.13.RELEASE\spring-expression-4.3.13.RELEASE.jar;D:\idea repository\org\jolokia\jolokia-core\1.3.7\jolokia-core-1.3.7.jar;D:\idea repository\com\googlecode\json-simple\json-simple\1.1.1\json-simple-1.1.1.jar;D:\idea repository\org\apache\httpcomponents\httpclient\4.5.3\httpclient-4.5.3.jar;D:\idea repository\org\apache\httpcomponents\httpcore\4.4.8\httpcore-4.4.8.jar;D:\idea repository\commons-codec\commons-codec\1.10\commons-codec-1.10.jar;D:\idea repository\org\springframework\boot\spring-boot-starter-test\1.5.9.RELEASE\spring-boot-starter-test-1.5.9.RELEASE.jar;D:\idea repository\org\springframework\boot\spring-boot-test\1.5.9.RELEASE\spring-boot-test-1.5.9.RELEASE.jar;D:\idea repository\org\springframework\boot\spring-boot-test-autoconfigure\1.5.9.RELEASE\spring-boot-test-autoconfigure-1.5.9.RELEASE.jar;D:\idea repository\com\jayway\jsonpath\json-path\2.2.0\json-path-2.2.0.jar;D:\idea repository\net\minidev\json-smart\2.2.1\json-smart-2.2.1.jar;D:\idea repository\net\minidev\accessors-smart\1.1\accessors-smart-1.1.jar;D:\idea repository\org\ow2\asm\asm\5.0.3\asm-5.0.3.jar;D:\idea repository\org\slf4j\slf4j-api\1.7.25\slf4j-api-1.7.25.jar;D:\idea repository\junit\junit\4.12\junit-4.12.jar;D:\idea repository\org\assertj\assertj-core\2.6.0\assertj-core-2.6.0.jar;D:\idea repository\org\mockito\mockito-core\1.10.19\mockito-core-1.10.19.jar;D:\idea repository\org\objenesis\objenesis\2.1\objenesis-2.1.jar;D:\idea repository\org\hamcrest\hamcrest-core\1.3\hamcrest-core-1.3.jar;D:\idea repository\org\hamcrest\hamcrest-library\1.3\hamcrest-library-1.3.jar;D:\idea repository\org\skyscreamer\jsonassert\1.4.0\jsonassert-1.4.0.jar;D:\idea repository\com\vaadin\external\google\android-json\0.0.20131108.vaadin1\android-json-0.0.20131108.vaadin1.jar;D:\idea repository\org\springframework\spring-core\4.3.13.RELEASE\spring-core-4.3.13.RELEASE.jar;D:\idea repository\org\springframework\spring-test\4.3.13.RELEASE\spring-test-4.3.13.RELEASE.jar;D:\idea repository\org\springframework\boot\spring-boot-starter-web\1.5.9.RELEASE\spring-boot-starter-web-1.5.9.RELEASE.jar;D:\idea repository\org\springframework\boot\spring-boot-starter-tomcat\1.5.9.RELEASE\spring-boot-starter-tomcat-1.5.9.RELEASE.jar;D:\idea repository\org\apache\tomcat\embed\tomcat-embed-core\8.5.23\tomcat-embed-core-8.5.23.jar;D:\idea repository\org\apache\tomcat\tomcat-annotations-api\8.5.23\tomcat-annotations-api-8.5.23.jar;D:\idea repository\org\apache\tomcat\embed\tomcat-embed-el\8.5.23\tomcat-embed-el-8.5.23.jar;D:\idea repository\org\apache\tomcat\embed\tomcat-embed-websocket\8.5.23\tomcat-embed-websocket-8.5.23.jar;D:\idea repository\org\hibernate\hibernate-validator\5.3.6.Final\hibernate-validator-5.3.6.Final.jar;D:\idea repository\javax\validation\validation-api\1.1.0.Final\validation-api-1.1.0.Final.jar;D:\idea repository\org\jboss\logging\jboss-logging\3.3.1.Final\jboss-logging-3.3.1.Final.jar;D:\idea repository\com\fasterxml\classmate\1.3.4\classmate-1.3.4.jar;D:\idea repository\com\fasterxml\jackson\core\jackson-databind\2.8.10\jackson-databind-2.8.10.jar;D:\idea repository\com\fasterxml\jackson\core\jackson-annotations\2.8.0\jackson-annotations-2.8.0.jar;D:\idea repository\com\fasterxml\jackson\core\jackson-core\2.8.10\jackson-core-2.8.10.jar;D:\idea repository\org\springframework\spring-web\4.3.13.RELEASE\spring-web-4.3.13.RELEASE.jar;D:\idea repository\org\springframework\spring-webmvc\4.3.13.RELEASE\spring-webmvc-4.3.13.RELEASE.jar;D:\idea repository\org\apache\poi\poi\3.17\poi-3.17.jar;D:\idea repository\org\apache\commons\commons-collections4\4.1\commons-collections4-4.1.jar;D:\idea repository\org\apache\poi\poi-ooxml\3.17\poi-ooxml-3.17.jar;D:\idea repository\org\apache\poi\poi-ooxml-schemas\3.17\poi-ooxml-schemas-3.17.jar;D:\idea repository\org\apache\xmlbeans\xmlbeans\2.6.0\xmlbeans-2.6.0.jar;D:\idea repository\stax\stax-api\1.0.1\stax-api-1.0.1.jar;D:\idea repository\com\github\virtuald\curvesapi\1.04\curvesapi-1.04.jar;D:\idea repository\com\google\code\gson\gson\2.8.2\gson-2.8.2.jar;D:\idea repository\org\springframework\boot\spring-boot-starter-logging\1.5.9.RELEASE\spring-boot-starter-logging-1.5.9.RELEASE.jar;D:\idea repository\ch\qos\logback\logback-classic\1.1.11\logback-classic-1.1.11.jar;D:\idea repository\ch\qos\logback\logback-core\1.1.11\logback-core-1.1.11.jar;D:\idea repository\org\slf4j\jcl-over-slf4j\1.7.25\jcl-over-slf4j-1.7.25.jar;D:\idea repository\org\slf4j\jul-to-slf4j\1.7.25\jul-to-slf4j-1.7.25.jar;D:\idea repository\org\slf4j\log4j-over-slf4j\1.7.25\log4j-over-slf4j-1.7.25.jar;, java.specification.name=Java Platform API Specification, java.class.version=52.0, sun.management.compiler=HotSpot 64-Bit Tiered Compilers, maven.repo.local=D:\idea repository, os.version=6.1, user.home=C:\Users\zhenpenglu, user.timezone=Asia/Shanghai, java.awt.printerjob=sun.awt.windows.WPrinterJob, file.encoding=GBK, java.specification.version=1.8, java.class.path=D:\idea workspace\spring-boot-module-master\security\target\test-classes;D:\idea workspace\spring-boot-module-master\security\target\classes;D:\idea repository\org\springframework\boot\spring-boot-starter-actuator\1.5.9.RELEASE\spring-boot-starter-actuator-1.5.9.RELEASE.jar;D:\idea repository\org\springframework\boot\spring-boot-starter\1.5.9.RELEASE\spring-boot-starter-1.5.9.RELEASE.jar;D:\idea repository\org\springframework\boot\spring-boot\1.5.9.RELEASE\spring-boot-1.5.9.RELEASE.jar;D:\idea repository\org\springframework\boot\spring-boot-autoconfigure\1.5.9.RELEASE\spring-boot-autoconfigure-1.5.9.RELEASE.jar;D:\idea repository\org\yaml\snakeyaml\1.17\snakeyaml-1.17.jar;D:\idea repository\org\springframework\boot\spring-boot-actuator\1.5.9.RELEASE\spring-boot-actuator-1.5.9.RELEASE.jar;D:\idea repository\org\springframework\spring-context\4.3.13.RELEASE\spring-context-4.3.13.RELEASE.jar;D:\idea repository\org\springframework\boot\spring-boot-starter-freemarker\1.5.9.RELEASE\spring-boot-starter-freemarker-1.5.9.RELEASE.jar;D:\idea repository\org\freemarker\freemarker\2.3.27-incubating\freemarker-2.3.27-incubating.jar;D:\idea repository\org\springframework\spring-context-support\4.3.13.RELEASE\spring-context-support-4.3.13.RELEASE.jar;D:\idea repository\org\springframework\spring-beans\4.3.13.RELEASE\spring-beans-4.3.13.RELEASE.jar;D:\idea repository\org\springframework\boot\spring-boot-starter-security\1.5.9.RELEASE\spring-boot-starter-security-1.5.9.RELEASE.jar;D:\idea repository\org\springframework\spring-aop\4.3.13.RELEASE\spring-aop-4.3.13.RELEASE.jar;D:\idea repository\org\springframework\security\spring-security-config\4.2.3.RELEASE\spring-security-config-4.2.3.RELEASE.jar;D:\idea repository\org\springframework\security\spring-security-core\4.2.3.RELEASE\spring-security-core-4.2.3.RELEASE.jar;D:\idea repository\org\springframework\security\spring-security-web\4.2.3.RELEASE\spring-security-web-4.2.3.RELEASE.jar;D:\idea repository\org\springframework\spring-expression\4.3.13.RELEASE\spring-expression-4.3.13.RELEASE.jar;D:\idea repository\org\jolokia\jolokia-core\1.3.7\jolokia-core-1.3.7.jar;D:\idea repository\com\googlecode\json-simple\json-simple\1.1.1\json-simple-1.1.1.jar;D:\idea repository\org\apache\httpcomponents\httpclient\4.5.3\httpclient-4.5.3.jar;D:\idea repository\org\apache\httpcomponents\httpcore\4.4.8\httpcore-4.4.8.jar;D:\idea repository\commons-codec\commons-codec\1.10\commons-codec-1.10.jar;D:\idea repository\org\springframework\boot\spring-boot-starter-test\1.5.9.RELEASE\spring-boot-starter-test-1.5.9.RELEASE.jar;D:\idea repository\org\springframework\boot\spring-boot-test\1.5.9.RELEASE\spring-boot-test-1.5.9.RELEASE.jar;D:\idea repository\org\springframework\boot\spring-boot-test-autoconfigure\1.5.9.RELEASE\spring-boot-test-autoconfigure-1.5.9.RELEASE.jar;D:\idea repository\com\jayway\jsonpath\json-path\2.2.0\json-path-2.2.0.jar;D:\idea repository\net\minidev\json-smart\2.2.1\json-smart-2.2.1.jar;D:\idea repository\net\minidev\accessors-smart\1.1\accessors-smart-1.1.jar;D:\idea repository\org\ow2\asm\asm\5.0.3\asm-5.0.3.jar;D:\idea repository\org\slf4j\slf4j-api\1.7.25\slf4j-api-1.7.25.jar;D:\idea repository\junit\junit\4.12\junit-4.12.jar;D:\idea repository\org\assertj\assertj-core\2.6.0\assertj-core-2.6.0.jar;D:\idea repository\org\mockito\mockito-core\1.10.19\mockito-core-1.10.19.jar;D:\idea repository\org\objenesis\objenesis\2.1\objenesis-2.1.jar;D:\idea repository\org\hamcrest\hamcrest-core\1.3\hamcrest-core-1.3.jar;D:\idea repository\org\hamcrest\hamcrest-library\1.3\hamcrest-library-1.3.jar;D:\idea repository\org\skyscreamer\jsonassert\1.4.0\jsonassert-1.4.0.jar;D:\idea repository\com\vaadin\external\google\android-json\0.0.20131108.vaadin1\android-json-0.0.20131108.vaadin1.jar;D:\idea repository\org\springframework\spring-core\4.3.13.RELEASE\spring-core-4.3.13.RELEASE.jar;D:\idea repository\org\springframework\spring-test\4.3.13.RELEASE\spring-test-4.3.13.RELEASE.jar;D:\idea repository\org\springframework\boot\spring-boot-starter-web\1.5.9.RELEASE\spring-boot-starter-web-1.5.9.RELEASE.jar;D:\idea repository\org\springframework\boot\spring-boot-starter-tomcat\1.5.9.RELEASE\spring-boot-starter-tomcat-1.5.9.RELEASE.jar;D:\idea repository\org\apache\tomcat\embed\tomcat-embed-core\8.5.23\tomcat-embed-core-8.5.23.jar;D:\idea repository\org\apache\tomcat\tomcat-annotations-api\8.5.23\tomcat-annotations-api-8.5.23.jar;D:\idea repository\org\apache\tomcat\embed\tomcat-embed-el\8.5.23\tomcat-embed-el-8.5.23.jar;D:\idea repository\org\apache\tomcat\embed\tomcat-embed-websocket\8.5.23\tomcat-embed-websocket-8.5.23.jar;D:\idea repository\org\hibernate\hibernate-validator\5.3.6.Final\hibernate-validator-5.3.6.Final.jar;D:\idea repository\javax\validation\validation-api\1.1.0.Final\validation-api-1.1.0.Final.jar;D:\idea repository\org\jboss\logging\jboss-logging\3.3.1.Final\jboss-logging-3.3.1.Final.jar;D:\idea repository\com\fasterxml\classmate\1.3.4\classmate-1.3.4.jar;D:\idea repository\com\fasterxml\jackson\core\jackson-databind\2.8.10\jackson-databind-2.8.10.jar;D:\idea repository\com\fasterxml\jackson\core\jackson-annotations\2.8.0\jackson-annotations-2.8.0.jar;D:\idea repository\com\fasterxml\jackson\core\jackson-core\2.8.10\jackson-core-2.8.10.jar;D:\idea repository\org\springframework\spring-web\4.3.13.RELEASE\spring-web-4.3.13.RELEASE.jar;D:\idea repository\org\springframework\spring-webmvc\4.3.13.RELEASE\spring-webmvc-4.3.13.RELEASE.jar;D:\idea repository\org\apache\poi\poi\3.17\poi-3.17.jar;D:\idea repository\org\apache\commons\commons-collections4\4.1\commons-collections4-4.1.jar;D:\idea repository\org\apache\poi\poi-ooxml\3.17\poi-ooxml-3.17.jar;D:\idea repository\org\apache\poi\poi-ooxml-schemas\3.17\poi-ooxml-schemas-3.17.jar;D:\idea repository\org\apache\xmlbeans\xmlbeans\2.6.0\xmlbeans-2.6.0.jar;D:\idea repository\stax\stax-api\1.0.1\stax-api-1.0.1.jar;D:\idea repository\com\github\virtuald\curvesapi\1.04\curvesapi-1.04.jar;D:\idea repository\com\google\code\gson\gson\2.8.2\gson-2.8.2.jar;D:\idea repository\org\springframework\boot\spring-boot-starter-logging\1.5.9.RELEASE\spring-boot-starter-logging-1.5.9.RELEASE.jar;D:\idea repository\ch\qos\logback\logback-classic\1.1.11\logback-classic-1.1.11.jar;D:\idea repository\ch\qos\logback\logback-core\1.1.11\logback-core-1.1.11.jar;D:\idea repository\org\slf4j\jcl-over-slf4j\1.7.25\jcl-over-slf4j-1.7.25.jar;D:\idea repository\org\slf4j\jul-to-slf4j\1.7.25\jul-to-slf4j-1.7.25.jar;D:\idea repository\org\slf4j\log4j-over-slf4j\1.7.25\log4j-over-slf4j-1.7.25.jar;, user.name=ZhenpengLu, java.vm.specification.version=1.8, sun.java.command=D:\idea workspace\spring-boot-module-master\security\target\surefire\surefirebooter8726407336052111295.jar D:\idea workspace\spring-boot-module-master\security\target\surefire\surefire1361224767460444491tmp D:\idea workspace\spring-boot-module-master\security\target\surefire\surefire_08197419383922090283tmp, java.home=C:\Program Files\Java\jdk1.8.0_144\jre, sun.arch.data.model=64, user.language=zh, java.specification.vendor=Oracle Corporation, awt.toolkit=sun.awt.windows.WToolkit, java.vm.info=mixed mode, java.version=1.8.0_144, java.ext.dirs=C:\Program Files\Java\jdk1.8.0_144\jre\lib\ext;C:\Windows\Sun\Java\lib\ext, sun.boot.class.path=C:\Program Files\Java\jdk1.8.0_144\jre\lib\resources.jar;C:\Program Files\Java\jdk1.8.0_144\jre\lib\rt.jar;C:\Program Files\Java\jdk1.8.0_144\jre\lib\sunrsasign.jar;C:\Program Files\Java\jdk1.8.0_144\jre\lib\jsse.jar;C:\Program Files\Java\jdk1.8.0_144\jre\lib\jce.jar;C:\Program Files\Java\jdk1.8.0_144\jre\lib\charsets.jar;C:\Program Files\Java\jdk1.8.0_144\jre\lib\jfr.jar;C:\Program Files\Java\jdk1.8.0_144\jre\classes, java.vendor=Oracle Corporation, localRepository=D:\idea repository, file.separator=\, java.vendor.url.bug=http://bugreport.sun.com/bugreport/, sun.io.unicode.encoding=UnicodeLittle, sun.cpu.endian=little, sun.desktop=windows, sun.cpu.isalist=amd64}}, SystemEnvironmentPropertySource@492079624 {name='systemEnvironment', properties={PATH=D:\java\consul;C:\Program Files\erl8.1\bin;D:\java\RabbitMQ\rabbitmq_server-3.6.12\sbin;D:\java\instantclient_11_2;D:\java\apache-maven-3.5.0\bin;C:\Program Files\Java\jdk1.8.0_144\bin;C:\ProgramData\Oracle\Java\javapath;C:\Windows\system32;C:\Windows;C:\Windows\System32\Wbem;C:\Windows\System32\WindowsPowerShell\v1.0\;D:\java\tortoiseSvn\bin;D:\java\instantclient_11_2;D:\java\Git\cmd;C:\Users\zhenpenglu\AppData\Local\Programs\Fiddler;C:\Users\zhenpenglu\AppData\Local\GitHubDesktop\bin;D:\program\Fiddler, LOCALAPPDATA=C:\Users\zhenpenglu\AppData\Local, PROCESSOR_LEVEL=6, SYSTEMDRIVE=C:, COMMONPROGRAMFILES(X86)=C:\Program Files (x86)\Common Files, FP_NO_HOST_CHECK=NO, USERDOMAIN=QUARK, LOGONSERVER=\\IDC-DC-01, JAVA_HOME=C:\Program Files\Java\jdk1.8.0_144, PROMPT=$P$G, SESSIONNAME=Console, ALLUSERSPROFILE=C:\ProgramData, PROGRAMFILES(X86)=C:\Program Files (x86), PROCESSOR_ARCHITECTURE=AMD64, ERLANG_HOME=C:\Program Files\erl8.1, MAVEN_HOME=D:\java\apache-maven-3.5.0, PROGRAMFILES=C:\Program Files, WINDOWS_TRACING_FLAGS=3, APPDATA=C:\Users\zhenpenglu\AppData\Roaming, PSMODULEPATH=C:\Windows\system32\WindowsPowerShell\v1.0\Modules\, PROGRAMW6432=C:\Program Files, PROGRAMDATA=C:\ProgramData, SYSTEMROOT=C:\Windows, USERNAME=ZhenpengLu, USERDNSDOMAIN=QUARK.COM, ORACLE_HOME=D:\java\instantclient_11_2, PATHEXT=.COM;.EXE;.BAT;.CMD;.VBS;.VBE;.JS;.JSE;.WSF;.WSH;.MSC, OS=Windows_NT, COMMONPROGRAMW6432=C:\Program Files\Common Files, COMPUTERNAME=QF-ZHENPENGL-01, COMMONPROGRAMFILES=C:\Program Files\Common Files, COMSPEC=C:\Windows\system32\cmd.exe, CONSUL_HOME=D:\java\consul, PROCESSOR_REVISION=5e03, WINDIR=C:\Windows, RABBITMQ_SERVER=D:\java\RabbitMQ\rabbitmq_server-3.6.12, =D:=D:\idea workspace\spring-boot-module-master\security, HOMEPATH=\Users\zhenpenglu, TEMP=C:\Users\ZHENPE~1\AppData\Local\Temp, HOMEDRIVE=C:, PROCESSOR_IDENTIFIER=Intel64 Family 6 Model 94 Stepping 3, GenuineIntel, USERPROFILE=C:\Users\zhenpenglu, TMP=C:\Users\ZHENPE~1\AppData\Local\Temp, WINDOWS_TRACING_LOGFILE=C:\BVTBin\Tests\installpackage\csilogfile.log, PUBLIC=C:\Users\Public, NUMBER_OF_PROCESSORS=8, =::=::\}}]
10:32:06.830 [main] INFO org.springframework.boot.test.context.SpringBootTestContextBootstrapper - Found @SpringBootConfiguration com.quark.module.SampleSecurityApplication for test class com.quark.module.CorsSampleActuatorApplicationTests
10:32:06.831 [main] DEBUG org.springframework.boot.test.context.SpringBootTestContextBootstrapper - @TestExecutionListeners is not present for class [com.quark.module.CorsSampleActuatorApplicationTests]: using defaults.
10:32:06.833 [main] INFO org.springframework.boot.test.context.SpringBootTestContextBootstrapper - Loaded default TestExecutionListener class names from location [META-INF/spring.factories]: [org.springframework.boot.test.mock.mockito.MockitoTestExecutionListener, org.springframework.boot.test.mock.mockito.ResetMocksTestExecutionListener, org.springframework.boot.test.autoconfigure.restdocs.RestDocsTestExecutionListener, org.springframework.boot.test.autoconfigure.web.client.MockRestServiceServerResetTestExecutionListener, org.springframework.boot.test.autoconfigure.web.servlet.MockMvcPrintOnlyOnFailureTestExecutionListener, org.springframework.boot.test.autoconfigure.web.servlet.WebDriverTestExecutionListener, org.springframework.test.context.web.ServletTestExecutionListener, org.springframework.test.context.support.DirtiesContextBeforeModesTestExecutionListener, org.springframework.test.context.support.DependencyInjectionTestExecutionListener, org.springframework.test.context.support.DirtiesContextTestExecutionListener, org.springframework.test.context.transaction.TransactionalTestExecutionListener, org.springframework.test.context.jdbc.SqlScriptsTestExecutionListener]
10:32:06.835 [main] INFO org.springframework.boot.test.context.SpringBootTestContextBootstrapper - Could not instantiate TestExecutionListener [org.springframework.test.context.jdbc.SqlScriptsTestExecutionListener]. Specify custom listener classes or make the default listener classes (and their required dependencies) available. Offending class: [org/springframework/transaction/interceptor/TransactionAttribute]
10:32:06.835 [main] INFO org.springframework.boot.test.context.SpringBootTestContextBootstrapper - Could not instantiate TestExecutionListener [org.springframework.test.context.transaction.TransactionalTestExecutionListener]. Specify custom listener classes or make the default listener classes (and their required dependencies) available. Offending class: [org/springframework/transaction/interceptor/TransactionAttributeSource]
10:32:06.835 [main] INFO org.springframework.boot.test.context.SpringBootTestContextBootstrapper - Using TestExecutionListeners: [org.springframework.test.context.web.ServletTestExecutionListener@b62fe6d, org.springframework.test.context.support.DirtiesContextBeforeModesTestExecutionListener@13acb0d1, org.springframework.boot.test.autoconfigure.SpringBootDependencyInjectionTestExecutionListener@3e3047e6, org.springframework.test.context.support.DirtiesContextTestExecutionListener@37e547da, org.springframework.boot.test.mock.mockito.MockitoTestExecutionListener@2b6856dd, org.springframework.boot.test.mock.mockito.ResetMocksTestExecutionListener@5db45159, org.springframework.boot.test.autoconfigure.restdocs.RestDocsTestExecutionListener@6107227e, org.springframework.boot.test.autoconfigure.web.client.MockRestServiceServerResetTestExecutionListener@7c417213, org.springframework.boot.test.autoconfigure.web.servlet.MockMvcPrintOnlyOnFailureTestExecutionListener@15761df8, org.springframework.boot.test.autoconfigure.web.servlet.WebDriverTestExecutionListener@6ab7a896]
10:32:06.836 [main] DEBUG org.springframework.test.annotation.ProfileValueUtils - Retrieved @ProfileValueSourceConfiguration [null] for test class [com.quark.module.CorsSampleActuatorApplicationTests]
10:32:06.836 [main] DEBUG org.springframework.test.annotation.ProfileValueUtils - Retrieved ProfileValueSource type [class org.springframework.test.annotation.SystemProfileValueSource] for class [com.quark.module.CorsSampleActuatorApplicationTests]
10:32:06.837 [main] DEBUG org.springframework.test.annotation.ProfileValueUtils - Retrieved @ProfileValueSourceConfiguration [null] for test class [com.quark.module.CorsSampleActuatorApplicationTests]
10:32:06.837 [main] DEBUG org.springframework.test.annotation.ProfileValueUtils - Retrieved ProfileValueSource type [class org.springframework.test.annotation.SystemProfileValueSource] for class [com.quark.module.CorsSampleActuatorApplicationTests]
10:32:06.842 [main] DEBUG org.springframework.test.context.support.AbstractDirtiesContextTestExecutionListener - Before test class: context [DefaultTestContext@4387b79e testClass = CorsSampleActuatorApplicationTests, testInstance = [null], testMethod = [null], testException = [null], mergedContextConfiguration = [WebMergedContextConfiguration@6e75aa0d testClass = CorsSampleActuatorApplicationTests, locations = '{}', classes = '{class com.quark.module.SampleSecurityApplication}', contextInitializerClasses = '[]', activeProfiles = '{cors}', propertySourceLocations = '{}', propertySourceProperties = '{org.springframework.boot.test.context.SpringBootTestContextBootstrapper=true}', contextCustomizers = set[org.springframework.boot.test.context.SpringBootTestContextCustomizer@5b87ed94, org.springframework.boot.test.context.filter.ExcludeFilterContextCustomizer@47ef968d, org.springframework.boot.test.json.DuplicateJsonObjectContextCustomizerFactory$DuplicateJsonObjectContextCustomizer@5ae63ade, org.springframework.boot.test.mock.mockito.MockitoContextCustomizer@0, org.springframework.boot.test.autoconfigure.properties.PropertyMappingContextCustomizer@0, org.springframework.boot.test.autoconfigure.web.servlet.WebDriverContextCustomizerFactory$Customizer@2a17b7b6], resourceBasePath = 'src/main/webapp', contextLoader = 'org.springframework.boot.test.context.SpringBootContextLoader', parent = [null]]], class annotated with @DirtiesContext [false] with mode [null].
10:32:06.842 [main] DEBUG org.springframework.test.annotation.ProfileValueUtils - Retrieved @ProfileValueSourceConfiguration [null] for test class [com.quark.module.CorsSampleActuatorApplicationTests]
10:32:06.842 [main] DEBUG org.springframework.test.annotation.ProfileValueUtils - Retrieved ProfileValueSource type [class org.springframework.test.annotation.SystemProfileValueSource] for class [com.quark.module.CorsSampleActuatorApplicationTests]
10:32:06.970 [main] DEBUG org.springframework.core.env.StandardEnvironment - Adding PropertySource 'systemProperties' with lowest search precedence
10:32:06.970 [main] DEBUG org.springframework.core.env.StandardEnvironment - Adding PropertySource 'systemEnvironment' with lowest search precedence
10:32:06.970 [main] DEBUG org.springframework.core.env.StandardEnvironment - Initialized StandardEnvironment with PropertySources [MapPropertySource@1125736023 {name='systemProperties', properties={idea.version=2016.1.1, java.runtime.name=Java(TM) SE Runtime Environment, sun.boot.library.path=C:\Program Files\Java\jdk1.8.0_144\jre\bin, java.vm.version=25.144-b01, java.vm.vendor=Oracle Corporation, java.vendor.url=http://java.oracle.com/, path.separator=;, java.vm.name=Java HotSpot(TM) 64-Bit Server VM, file.encoding.pkg=sun.io, user.country=CN, user.script=, sun.java.launcher=SUN_STANDARD, sun.os.patch.level=Service Pack 1, java.vm.specification.name=Java Virtual Machine Specification, user.dir=D:\idea workspace\spring-boot-module-master\security, java.runtime.version=1.8.0_144-b01, basedir=D:\idea workspace\spring-boot-module-master\security, java.awt.graphicsenv=sun.awt.Win32GraphicsEnvironment, java.endorsed.dirs=C:\Program Files\Java\jdk1.8.0_144\jre\lib\endorsed, os.arch=amd64, surefire.real.class.path=D:\idea workspace\spring-boot-module-master\security\target\surefire\surefirebooter8726407336052111295.jar, java.io.tmpdir=C:\Users\ZHENPE~1\AppData\Local\Temp\, line.separator=
, java.vm.specification.vendor=Oracle Corporation, user.variant=, os.name=Windows 7, sun.jnu.encoding=GBK, java.library.path=C:\Program Files\Java\jdk1.8.0_144\jre\bin;C:\Windows\Sun\Java\bin;C:\Windows\system32;C:\Windows;D:\java\consul;C:\Program Files\erl8.1\bin;D:\java\RabbitMQ\rabbitmq_server-3.6.12\sbin;D:\java\instantclient_11_2;D:\java\apache-maven-3.5.0\bin;C:\Program Files\Java\jdk1.8.0_144\bin;C:\ProgramData\Oracle\Java\javapath;C:\Windows\system32;C:\Windows;C:\Windows\System32\Wbem;C:\Windows\System32\WindowsPowerShell\v1.0\;D:\java\tortoiseSvn\bin;D:\java\instantclient_11_2;D:\java\Git\cmd;C:\Users\zhenpenglu\AppData\Local\Programs\Fiddler;C:\Users\zhenpenglu\AppData\Local\GitHubDesktop\bin;D:\program\Fiddler;., surefire.test.class.path=D:\idea workspace\spring-boot-module-master\security\target\test-classes;D:\idea workspace\spring-boot-module-master\security\target\classes;D:\idea repository\org\springframework\boot\spring-boot-starter-actuator\1.5.9.RELEASE\spring-boot-starter-actuator-1.5.9.RELEASE.jar;D:\idea repository\org\springframework\boot\spring-boot-starter\1.5.9.RELEASE\spring-boot-starter-1.5.9.RELEASE.jar;D:\idea repository\org\springframework\boot\spring-boot\1.5.9.RELEASE\spring-boot-1.5.9.RELEASE.jar;D:\idea repository\org\springframework\boot\spring-boot-autoconfigure\1.5.9.RELEASE\spring-boot-autoconfigure-1.5.9.RELEASE.jar;D:\idea repository\org\yaml\snakeyaml\1.17\snakeyaml-1.17.jar;D:\idea repository\org\springframework\boot\spring-boot-actuator\1.5.9.RELEASE\spring-boot-actuator-1.5.9.RELEASE.jar;D:\idea repository\org\springframework\spring-context\4.3.13.RELEASE\spring-context-4.3.13.RELEASE.jar;D:\idea repository\org\springframework\boot\spring-boot-starter-freemarker\1.5.9.RELEASE\spring-boot-starter-freemarker-1.5.9.RELEASE.jar;D:\idea repository\org\freemarker\freemarker\2.3.27-incubating\freemarker-2.3.27-incubating.jar;D:\idea repository\org\springframework\spring-context-support\4.3.13.RELEASE\spring-context-support-4.3.13.RELEASE.jar;D:\idea repository\org\springframework\spring-beans\4.3.13.RELEASE\spring-beans-4.3.13.RELEASE.jar;D:\idea repository\org\springframework\boot\spring-boot-starter-security\1.5.9.RELEASE\spring-boot-starter-security-1.5.9.RELEASE.jar;D:\idea repository\org\springframework\spring-aop\4.3.13.RELEASE\spring-aop-4.3.13.RELEASE.jar;D:\idea repository\org\springframework\security\spring-security-config\4.2.3.RELEASE\spring-security-config-4.2.3.RELEASE.jar;D:\idea repository\org\springframework\security\spring-security-core\4.2.3.RELEASE\spring-security-core-4.2.3.RELEASE.jar;D:\idea repository\org\springframework\security\spring-security-web\4.2.3.RELEASE\spring-security-web-4.2.3.RELEASE.jar;D:\idea repository\org\springframework\spring-expression\4.3.13.RELEASE\spring-expression-4.3.13.RELEASE.jar;D:\idea repository\org\jolokia\jolokia-core\1.3.7\jolokia-core-1.3.7.jar;D:\idea repository\com\googlecode\json-simple\json-simple\1.1.1\json-simple-1.1.1.jar;D:\idea repository\org\apache\httpcomponents\httpclient\4.5.3\httpclient-4.5.3.jar;D:\idea repository\org\apache\httpcomponents\httpcore\4.4.8\httpcore-4.4.8.jar;D:\idea repository\commons-codec\commons-codec\1.10\commons-codec-1.10.jar;D:\idea repository\org\springframework\boot\spring-boot-starter-test\1.5.9.RELEASE\spring-boot-starter-test-1.5.9.RELEASE.jar;D:\idea repository\org\springframework\boot\spring-boot-test\1.5.9.RELEASE\spring-boot-test-1.5.9.RELEASE.jar;D:\idea repository\org\springframework\boot\spring-boot-test-autoconfigure\1.5.9.RELEASE\spring-boot-test-autoconfigure-1.5.9.RELEASE.jar;D:\idea repository\com\jayway\jsonpath\json-path\2.2.0\json-path-2.2.0.jar;D:\idea repository\net\minidev\json-smart\2.2.1\json-smart-2.2.1.jar;D:\idea repository\net\minidev\accessors-smart\1.1\accessors-smart-1.1.jar;D:\idea repository\org\ow2\asm\asm\5.0.3\asm-5.0.3.jar;D:\idea repository\org\slf4j\slf4j-api\1.7.25\slf4j-api-1.7.25.jar;D:\idea repository\junit\junit\4.12\junit-4.12.jar;D:\idea repository\org\assertj\assertj-core\2.6.0\assertj-core-2.6.0.jar;D:\idea repository\org\mockito\mockito-core\1.10.19\mockito-core-1.10.19.jar;D:\idea repository\org\objenesis\objenesis\2.1\objenesis-2.1.jar;D:\idea repository\org\hamcrest\hamcrest-core\1.3\hamcrest-core-1.3.jar;D:\idea repository\org\hamcrest\hamcrest-library\1.3\hamcrest-library-1.3.jar;D:\idea repository\org\skyscreamer\jsonassert\1.4.0\jsonassert-1.4.0.jar;D:\idea repository\com\vaadin\external\google\android-json\0.0.20131108.vaadin1\android-json-0.0.20131108.vaadin1.jar;D:\idea repository\org\springframework\spring-core\4.3.13.RELEASE\spring-core-4.3.13.RELEASE.jar;D:\idea repository\org\springframework\spring-test\4.3.13.RELEASE\spring-test-4.3.13.RELEASE.jar;D:\idea repository\org\springframework\boot\spring-boot-starter-web\1.5.9.RELEASE\spring-boot-starter-web-1.5.9.RELEASE.jar;D:\idea repository\org\springframework\boot\spring-boot-starter-tomcat\1.5.9.RELEASE\spring-boot-starter-tomcat-1.5.9.RELEASE.jar;D:\idea repository\org\apache\tomcat\embed\tomcat-embed-core\8.5.23\tomcat-embed-core-8.5.23.jar;D:\idea repository\org\apache\tomcat\tomcat-annotations-api\8.5.23\tomcat-annotations-api-8.5.23.jar;D:\idea repository\org\apache\tomcat\embed\tomcat-embed-el\8.5.23\tomcat-embed-el-8.5.23.jar;D:\idea repository\org\apache\tomcat\embed\tomcat-embed-websocket\8.5.23\tomcat-embed-websocket-8.5.23.jar;D:\idea repository\org\hibernate\hibernate-validator\5.3.6.Final\hibernate-validator-5.3.6.Final.jar;D:\idea repository\javax\validation\validation-api\1.1.0.Final\validation-api-1.1.0.Final.jar;D:\idea repository\org\jboss\logging\jboss-logging\3.3.1.Final\jboss-logging-3.3.1.Final.jar;D:\idea repository\com\fasterxml\classmate\1.3.4\classmate-1.3.4.jar;D:\idea repository\com\fasterxml\jackson\core\jackson-databind\2.8.10\jackson-databind-2.8.10.jar;D:\idea repository\com\fasterxml\jackson\core\jackson-annotations\2.8.0\jackson-annotations-2.8.0.jar;D:\idea repository\com\fasterxml\jackson\core\jackson-core\2.8.10\jackson-core-2.8.10.jar;D:\idea repository\org\springframework\spring-web\4.3.13.RELEASE\spring-web-4.3.13.RELEASE.jar;D:\idea repository\org\springframework\spring-webmvc\4.3.13.RELEASE\spring-webmvc-4.3.13.RELEASE.jar;D:\idea repository\org\apache\poi\poi\3.17\poi-3.17.jar;D:\idea repository\org\apache\commons\commons-collections4\4.1\commons-collections4-4.1.jar;D:\idea repository\org\apache\poi\poi-ooxml\3.17\poi-ooxml-3.17.jar;D:\idea repository\org\apache\poi\poi-ooxml-schemas\3.17\poi-ooxml-schemas-3.17.jar;D:\idea repository\org\apache\xmlbeans\xmlbeans\2.6.0\xmlbeans-2.6.0.jar;D:\idea repository\stax\stax-api\1.0.1\stax-api-1.0.1.jar;D:\idea repository\com\github\virtuald\curvesapi\1.04\curvesapi-1.04.jar;D:\idea repository\com\google\code\gson\gson\2.8.2\gson-2.8.2.jar;D:\idea repository\org\springframework\boot\spring-boot-starter-logging\1.5.9.RELEASE\spring-boot-starter-logging-1.5.9.RELEASE.jar;D:\idea repository\ch\qos\logback\logback-classic\1.1.11\logback-classic-1.1.11.jar;D:\idea repository\ch\qos\logback\logback-core\1.1.11\logback-core-1.1.11.jar;D:\idea repository\org\slf4j\jcl-over-slf4j\1.7.25\jcl-over-slf4j-1.7.25.jar;D:\idea repository\org\slf4j\jul-to-slf4j\1.7.25\jul-to-slf4j-1.7.25.jar;D:\idea repository\org\slf4j\log4j-over-slf4j\1.7.25\log4j-over-slf4j-1.7.25.jar;, java.specification.name=Java Platform API Specification, java.class.version=52.0, sun.management.compiler=HotSpot 64-Bit Tiered Compilers, maven.repo.local=D:\idea repository, os.version=6.1, user.home=C:\Users\zhenpenglu, user.timezone=Asia/Shanghai, java.awt.printerjob=sun.awt.windows.WPrinterJob, file.encoding=GBK, java.specification.version=1.8, java.class.path=D:\idea workspace\spring-boot-module-master\security\target\test-classes;D:\idea workspace\spring-boot-module-master\security\target\classes;D:\idea repository\org\springframework\boot\spring-boot-starter-actuator\1.5.9.RELEASE\spring-boot-starter-actuator-1.5.9.RELEASE.jar;D:\idea repository\org\springframework\boot\spring-boot-starter\1.5.9.RELEASE\spring-boot-starter-1.5.9.RELEASE.jar;D:\idea repository\org\springframework\boot\spring-boot\1.5.9.RELEASE\spring-boot-1.5.9.RELEASE.jar;D:\idea repository\org\springframework\boot\spring-boot-autoconfigure\1.5.9.RELEASE\spring-boot-autoconfigure-1.5.9.RELEASE.jar;D:\idea repository\org\yaml\snakeyaml\1.17\snakeyaml-1.17.jar;D:\idea repository\org\springframework\boot\spring-boot-actuator\1.5.9.RELEASE\spring-boot-actuator-1.5.9.RELEASE.jar;D:\idea repository\org\springframework\spring-context\4.3.13.RELEASE\spring-context-4.3.13.RELEASE.jar;D:\idea repository\org\springframework\boot\spring-boot-starter-freemarker\1.5.9.RELEASE\spring-boot-starter-freemarker-1.5.9.RELEASE.jar;D:\idea repository\org\freemarker\freemarker\2.3.27-incubating\freemarker-2.3.27-incubating.jar;D:\idea repository\org\springframework\spring-context-support\4.3.13.RELEASE\spring-context-support-4.3.13.RELEASE.jar;D:\idea repository\org\springframework\spring-beans\4.3.13.RELEASE\spring-beans-4.3.13.RELEASE.jar;D:\idea repository\org\springframework\boot\spring-boot-starter-security\1.5.9.RELEASE\spring-boot-starter-security-1.5.9.RELEASE.jar;D:\idea repository\org\springframework\spring-aop\4.3.13.RELEASE\spring-aop-4.3.13.RELEASE.jar;D:\idea repository\org\springframework\security\spring-security-config\4.2.3.RELEASE\spring-security-config-4.2.3.RELEASE.jar;D:\idea repository\org\springframework\security\spring-security-core\4.2.3.RELEASE\spring-security-core-4.2.3.RELEASE.jar;D:\idea repository\org\springframework\security\spring-security-web\4.2.3.RELEASE\spring-security-web-4.2.3.RELEASE.jar;D:\idea repository\org\springframework\spring-expression\4.3.13.RELEASE\spring-expression-4.3.13.RELEASE.jar;D:\idea repository\org\jolokia\jolokia-core\1.3.7\jolokia-core-1.3.7.jar;D:\idea repository\com\googlecode\json-simple\json-simple\1.1.1\json-simple-1.1.1.jar;D:\idea repository\org\apache\httpcomponents\httpclient\4.5.3\httpclient-4.5.3.jar;D:\idea repository\org\apache\httpcomponents\httpcore\4.4.8\httpcore-4.4.8.jar;D:\idea repository\commons-codec\commons-codec\1.10\commons-codec-1.10.jar;D:\idea repository\org\springframework\boot\spring-boot-starter-test\1.5.9.RELEASE\spring-boot-starter-test-1.5.9.RELEASE.jar;D:\idea repository\org\springframework\boot\spring-boot-test\1.5.9.RELEASE\spring-boot-test-1.5.9.RELEASE.jar;D:\idea repository\org\springframework\boot\spring-boot-test-autoconfigure\1.5.9.RELEASE\spring-boot-test-autoconfigure-1.5.9.RELEASE.jar;D:\idea repository\com\jayway\jsonpath\json-path\2.2.0\json-path-2.2.0.jar;D:\idea repository\net\minidev\json-smart\2.2.1\json-smart-2.2.1.jar;D:\idea repository\net\minidev\accessors-smart\1.1\accessors-smart-1.1.jar;D:\idea repository\org\ow2\asm\asm\5.0.3\asm-5.0.3.jar;D:\idea repository\org\slf4j\slf4j-api\1.7.25\slf4j-api-1.7.25.jar;D:\idea repository\junit\junit\4.12\junit-4.12.jar;D:\idea repository\org\assertj\assertj-core\2.6.0\assertj-core-2.6.0.jar;D:\idea repository\org\mockito\mockito-core\1.10.19\mockito-core-1.10.19.jar;D:\idea repository\org\objenesis\objenesis\2.1\objenesis-2.1.jar;D:\idea repository\org\hamcrest\hamcrest-core\1.3\hamcrest-core-1.3.jar;D:\idea repository\org\hamcrest\hamcrest-library\1.3\hamcrest-library-1.3.jar;D:\idea repository\org\skyscreamer\jsonassert\1.4.0\jsonassert-1.4.0.jar;D:\idea repository\com\vaadin\external\google\android-json\0.0.20131108.vaadin1\android-json-0.0.20131108.vaadin1.jar;D:\idea repository\org\springframework\spring-core\4.3.13.RELEASE\spring-core-4.3.13.RELEASE.jar;D:\idea repository\org\springframework\spring-test\4.3.13.RELEASE\spring-test-4.3.13.RELEASE.jar;D:\idea repository\org\springframework\boot\spring-boot-starter-web\1.5.9.RELEASE\spring-boot-starter-web-1.5.9.RELEASE.jar;D:\idea repository\org\springframework\boot\spring-boot-starter-tomcat\1.5.9.RELEASE\spring-boot-starter-tomcat-1.5.9.RELEASE.jar;D:\idea repository\org\apache\tomcat\embed\tomcat-embed-core\8.5.23\tomcat-embed-core-8.5.23.jar;D:\idea repository\org\apache\tomcat\tomcat-annotations-api\8.5.23\tomcat-annotations-api-8.5.23.jar;D:\idea repository\org\apache\tomcat\embed\tomcat-embed-el\8.5.23\tomcat-embed-el-8.5.23.jar;D:\idea repository\org\apache\tomcat\embed\tomcat-embed-websocket\8.5.23\tomcat-embed-websocket-8.5.23.jar;D:\idea repository\org\hibernate\hibernate-validator\5.3.6.Final\hibernate-validator-5.3.6.Final.jar;D:\idea repository\javax\validation\validation-api\1.1.0.Final\validation-api-1.1.0.Final.jar;D:\idea repository\org\jboss\logging\jboss-logging\3.3.1.Final\jboss-logging-3.3.1.Final.jar;D:\idea repository\com\fasterxml\classmate\1.3.4\classmate-1.3.4.jar;D:\idea repository\com\fasterxml\jackson\core\jackson-databind\2.8.10\jackson-databind-2.8.10.jar;D:\idea repository\com\fasterxml\jackson\core\jackson-annotations\2.8.0\jackson-annotations-2.8.0.jar;D:\idea repository\com\fasterxml\jackson\core\jackson-core\2.8.10\jackson-core-2.8.10.jar;D:\idea repository\org\springframework\spring-web\4.3.13.RELEASE\spring-web-4.3.13.RELEASE.jar;D:\idea repository\org\springframework\spring-webmvc\4.3.13.RELEASE\spring-webmvc-4.3.13.RELEASE.jar;D:\idea repository\org\apache\poi\poi\3.17\poi-3.17.jar;D:\idea repository\org\apache\commons\commons-collections4\4.1\commons-collections4-4.1.jar;D:\idea repository\org\apache\poi\poi-ooxml\3.17\poi-ooxml-3.17.jar;D:\idea repository\org\apache\poi\poi-ooxml-schemas\3.17\poi-ooxml-schemas-3.17.jar;D:\idea repository\org\apache\xmlbeans\xmlbeans\2.6.0\xmlbeans-2.6.0.jar;D:\idea repository\stax\stax-api\1.0.1\stax-api-1.0.1.jar;D:\idea repository\com\github\virtuald\curvesapi\1.04\curvesapi-1.04.jar;D:\idea repository\com\google\code\gson\gson\2.8.2\gson-2.8.2.jar;D:\idea repository\org\springframework\boot\spring-boot-starter-logging\1.5.9.RELEASE\spring-boot-starter-logging-1.5.9.RELEASE.jar;D:\idea repository\ch\qos\logback\logback-classic\1.1.11\logback-classic-1.1.11.jar;D:\idea repository\ch\qos\logback\logback-core\1.1.11\logback-core-1.1.11.jar;D:\idea repository\org\slf4j\jcl-over-slf4j\1.7.25\jcl-over-slf4j-1.7.25.jar;D:\idea repository\org\slf4j\jul-to-slf4j\1.7.25\jul-to-slf4j-1.7.25.jar;D:\idea repository\org\slf4j\log4j-over-slf4j\1.7.25\log4j-over-slf4j-1.7.25.jar;, user.name=ZhenpengLu, java.vm.specification.version=1.8, sun.java.command=D:\idea workspace\spring-boot-module-master\security\target\surefire\surefirebooter8726407336052111295.jar D:\idea workspace\spring-boot-module-master\security\target\surefire\surefire1361224767460444491tmp D:\idea workspace\spring-boot-module-master\security\target\surefire\surefire_08197419383922090283tmp, java.home=C:\Program Files\Java\jdk1.8.0_144\jre, sun.arch.data.model=64, user.language=zh, java.specification.vendor=Oracle Corporation, awt.toolkit=sun.awt.windows.WToolkit, java.vm.info=mixed mode, java.version=1.8.0_144, java.ext.dirs=C:\Program Files\Java\jdk1.8.0_144\jre\lib\ext;C:\Windows\Sun\Java\lib\ext, sun.boot.class.path=C:\Program Files\Java\jdk1.8.0_144\jre\lib\resources.jar;C:\Program Files\Java\jdk1.8.0_144\jre\lib\rt.jar;C:\Program Files\Java\jdk1.8.0_144\jre\lib\sunrsasign.jar;C:\Program Files\Java\jdk1.8.0_144\jre\lib\jsse.jar;C:\Program Files\Java\jdk1.8.0_144\jre\lib\jce.jar;C:\Program Files\Java\jdk1.8.0_144\jre\lib\charsets.jar;C:\Program Files\Java\jdk1.8.0_144\jre\lib\jfr.jar;C:\Program Files\Java\jdk1.8.0_144\jre\classes, java.vendor=Oracle Corporation, localRepository=D:\idea repository, file.separator=\, java.vendor.url.bug=http://bugreport.sun.com/bugreport/, sun.io.unicode.encoding=UnicodeLittle, sun.cpu.endian=little, sun.desktop=windows, sun.cpu.isalist=amd64}}, SystemEnvironmentPropertySource@858952163 {name='systemEnvironment', properties={PATH=D:\java\consul;C:\Program Files\erl8.1\bin;D:\java\RabbitMQ\rabbitmq_server-3.6.12\sbin;D:\java\instantclient_11_2;D:\java\apache-maven-3.5.0\bin;C:\Program Files\Java\jdk1.8.0_144\bin;C:\ProgramData\Oracle\Java\javapath;C:\Windows\system32;C:\Windows;C:\Windows\System32\Wbem;C:\Windows\System32\WindowsPowerShell\v1.0\;D:\java\tortoiseSvn\bin;D:\java\instantclient_11_2;D:\java\Git\cmd;C:\Users\zhenpenglu\AppData\Local\Programs\Fiddler;C:\Users\zhenpenglu\AppData\Local\GitHubDesktop\bin;D:\program\Fiddler, LOCALAPPDATA=C:\Users\zhenpenglu\AppData\Local, PROCESSOR_LEVEL=6, SYSTEMDRIVE=C:, COMMONPROGRAMFILES(X86)=C:\Program Files (x86)\Common Files, FP_NO_HOST_CHECK=NO, USERDOMAIN=QUARK, LOGONSERVER=\\IDC-DC-01, JAVA_HOME=C:\Program Files\Java\jdk1.8.0_144, PROMPT=$P$G, SESSIONNAME=Console, ALLUSERSPROFILE=C:\ProgramData, PROGRAMFILES(X86)=C:\Program Files (x86), PROCESSOR_ARCHITECTURE=AMD64, ERLANG_HOME=C:\Program Files\erl8.1, MAVEN_HOME=D:\java\apache-maven-3.5.0, PROGRAMFILES=C:\Program Files, WINDOWS_TRACING_FLAGS=3, APPDATA=C:\Users\zhenpenglu\AppData\Roaming, PSMODULEPATH=C:\Windows\system32\WindowsPowerShell\v1.0\Modules\, PROGRAMW6432=C:\Program Files, PROGRAMDATA=C:\ProgramData, SYSTEMROOT=C:\Windows, USERNAME=ZhenpengLu, USERDNSDOMAIN=QUARK.COM, ORACLE_HOME=D:\java\instantclient_11_2, PATHEXT=.COM;.EXE;.BAT;.CMD;.VBS;.VBE;.JS;.JSE;.WSF;.WSH;.MSC, OS=Windows_NT, COMMONPROGRAMW6432=C:\Program Files\Common Files, COMPUTERNAME=QF-ZHENPENGL-01, COMMONPROGRAMFILES=C:\Program Files\Common Files, COMSPEC=C:\Windows\system32\cmd.exe, CONSUL_HOME=D:\java\consul, PROCESSOR_REVISION=5e03, WINDIR=C:\Windows, RABBITMQ_SERVER=D:\java\RabbitMQ\rabbitmq_server-3.6.12, =D:=D:\idea workspace\spring-boot-module-master\security, HOMEPATH=\Users\zhenpenglu, TEMP=C:\Users\ZHENPE~1\AppData\Local\Temp, HOMEDRIVE=C:, PROCESSOR_IDENTIFIER=Intel64 Family 6 Model 94 Stepping 3, GenuineIntel, USERPROFILE=C:\Users\zhenpenglu, TMP=C:\Users\ZHENPE~1\AppData\Local\Temp, WINDOWS_TRACING_LOGFILE=C:\BVTBin\Tests\installpackage\csilogfile.log, PUBLIC=C:\Users\Public, NUMBER_OF_PROCESSORS=8, =::=::\}}]
10:32:06.971 [main] DEBUG org.springframework.core.env.StandardEnvironment - Adding PropertySource 'test' with highest search precedence
10:32:06.973 [main] DEBUG org.springframework.core.env.MutablePropertySources - Adding PropertySource 'inline' with highest search precedence
10:32:06.977 [main] DEBUG org.springframework.test.context.support.TestPropertySourceUtils - Adding inlined properties to environment: {spring.jmx.enabled=false, org.springframework.boot.test.context.SpringBootTestContextBootstrapper=true, server.port=-1}
10:32:06.977 [main] DEBUG org.springframework.core.env.StandardEnvironment - Adding PropertySource 'Inlined Test Properties' with highest search precedence

  .   ____          _            __ _ _
 /\\ / ___'_ __ _ _(_)_ __  __ _ \ \ \ \
( ( )\___ | '_ | '_| | '_ \/ _` | \ \ \ \
 \\/  ___)| |_)| | | | | || (_| |  ) ) ) )
  '  |____| .__|_| |_|_| |_\__, | / / / /
 =========|_|==============|___/=/_/_/_/
 :: Spring Boot ::        (v1.5.9.RELEASE)

2018-04-10 10:32:07.352  INFO 9432 --- [           main] c.q.m.CorsSampleActuatorApplicationTests : Starting CorsSampleActuatorApplicationTests on QF-ZHENPENGL-01 with PID 9432 (started by ZhenpengLu in D:\idea workspace\spring-boot-module-master\security)
2018-04-10 10:32:07.353  INFO 9432 --- [           main] c.q.m.CorsSampleActuatorApplicationTests : The following profiles are active: cors
2018-04-10 10:32:07.392  INFO 9432 --- [           main] o.s.w.c.s.GenericWebApplicationContext   : Refreshing org.springframework.web.context.support.GenericWebApplicationContext@6392827e: startup date [Tue Apr 10 10:32:07 CST 2018]; root of context hierarchy
2018-04-10 10:32:08.698  INFO 9432 --- [           main] o.s.b.t.m.w.SpringBootMockServletContext : jolokia: No access restrictor found, access to any MBean is allowed
2018-04-10 10:32:09.243  INFO 9432 --- [           main] s.w.s.m.m.a.RequestMappingHandlerAdapter : Looking for @ControllerAdvice: org.springframework.web.context.support.GenericWebApplicationContext@6392827e: startup date [Tue Apr 10 10:32:07 CST 2018]; root of context hierarchy
2018-04-10 10:32:09.291  INFO 9432 --- [           main] s.w.s.m.m.a.RequestMappingHandlerMapping : Mapped "{[/foo]}" onto public java.lang.String com.quark.module.security.ExampleController.foo()
2018-04-10 10:32:09.292  INFO 9432 --- [           main] s.w.s.m.m.a.RequestMappingHandlerMapping : Mapped "{[/],methods=[GET]}" onto public java.lang.String com.quark.module.security.ExampleController.home(java.util.Map<java.lang.String, java.lang.Object>)
2018-04-10 10:32:09.293  INFO 9432 --- [           main] s.w.s.m.m.a.RequestMappingHandlerMapping : Mapped "{[/error]}" onto public org.springframework.http.ResponseEntity<java.util.Map<java.lang.String, java.lang.Object>> org.springframework.boot.autoconfigure.web.BasicErrorController.error(javax.servlet.http.HttpServletRequest)
2018-04-10 10:32:09.293  INFO 9432 --- [           main] s.w.s.m.m.a.RequestMappingHandlerMapping : Mapped "{[/error],produces=[text/html]}" onto public org.springframework.web.servlet.ModelAndView org.springframework.boot.autoconfigure.web.BasicErrorController.errorHtml(javax.servlet.http.HttpServletRequest,javax.servlet.http.HttpServletResponse)
2018-04-10 10:32:09.313  INFO 9432 --- [           main] o.s.w.s.handler.SimpleUrlHandlerMapping  : Mapped URL path [/webjars/**] onto handler of type [class org.springframework.web.servlet.resource.ResourceHttpRequestHandler]
2018-04-10 10:32:09.313  INFO 9432 --- [           main] o.s.w.s.handler.SimpleUrlHandlerMapping  : Mapped URL path [/**] onto handler of type [class org.springframework.web.servlet.resource.ResourceHttpRequestHandler]
2018-04-10 10:32:09.340  INFO 9432 --- [           main] o.s.w.s.handler.SimpleUrlHandlerMapping  : Mapped URL path [/**/favicon.ico] onto handler of type [class org.springframework.web.servlet.resource.ResourceHttpRequestHandler]
2018-04-10 10:32:09.672  INFO 9432 --- [           main] o.s.b.a.e.mvc.EndpointHandlerMapping     : Mapped "{[/info || /info.json],methods=[GET],produces=[application/vnd.spring-boot.actuator.v1+json || application/json]}" onto public java.lang.Object org.springframework.boot.actuate.endpoint.mvc.EndpointMvcAdapter.invoke()
2018-04-10 10:32:09.672  INFO 9432 --- [           main] o.s.b.a.e.mvc.EndpointHandlerMapping     : Mapped "{[/env/{name:.*}],methods=[GET],produces=[application/vnd.spring-boot.actuator.v1+json || application/json]}" onto public java.lang.Object org.springframework.boot.actuate.endpoint.mvc.EnvironmentMvcEndpoint.value(java.lang.String)
2018-04-10 10:32:09.673  INFO 9432 --- [           main] o.s.b.a.e.mvc.EndpointHandlerMapping     : Mapped "{[/env || /env.json],methods=[GET],produces=[application/vnd.spring-boot.actuator.v1+json || application/json]}" onto public java.lang.Object org.springframework.boot.actuate.endpoint.mvc.EndpointMvcAdapter.invoke()
2018-04-10 10:32:09.674  INFO 9432 --- [           main] o.s.b.a.e.mvc.EndpointHandlerMapping     : Mapped "{[/metrics/{name:.*}],methods=[GET],produces=[application/vnd.spring-boot.actuator.v1+json || application/json]}" onto public java.lang.Object org.springframework.boot.actuate.endpoint.mvc.MetricsMvcEndpoint.value(java.lang.String)
2018-04-10 10:32:09.674  INFO 9432 --- [           main] o.s.b.a.e.mvc.EndpointHandlerMapping     : Mapped "{[/metrics || /metrics.json],methods=[GET],produces=[application/vnd.spring-boot.actuator.v1+json || application/json]}" onto public java.lang.Object org.springframework.boot.actuate.endpoint.mvc.EndpointMvcAdapter.invoke()
2018-04-10 10:32:09.676  INFO 9432 --- [           main] o.s.b.a.e.mvc.EndpointHandlerMapping     : Mapped "{[/auditevents || /auditevents.json],methods=[GET],produces=[application/vnd.spring-boot.actuator.v1+json || application/json]}" onto public org.springframework.http.ResponseEntity<?> org.springframework.boot.actuate.endpoint.mvc.AuditEventsMvcEndpoint.findByPrincipalAndAfterAndType(java.lang.String,java.util.Date,java.lang.String)
2018-04-10 10:32:09.676  INFO 9432 --- [           main] o.s.b.a.e.mvc.EndpointHandlerMapping     : Mapped "{[/health || /health.json],methods=[GET],produces=[application/vnd.spring-boot.actuator.v1+json || application/json]}" onto public java.lang.Object org.springframework.boot.actuate.endpoint.mvc.HealthMvcEndpoint.invoke(javax.servlet.http.HttpServletRequest,java.security.Principal)
2018-04-10 10:32:09.678  INFO 9432 --- [           main] o.s.b.a.e.mvc.EndpointHandlerMapping     : Mapped "{[/loggers/{name:.*}],methods=[GET],produces=[application/vnd.spring-boot.actuator.v1+json || application/json]}" onto public java.lang.Object org.springframework.boot.actuate.endpoint.mvc.LoggersMvcEndpoint.get(java.lang.String)
2018-04-10 10:32:09.678  INFO 9432 --- [           main] o.s.b.a.e.mvc.EndpointHandlerMapping     : Mapped "{[/loggers/{name:.*}],methods=[POST],consumes=[application/vnd.spring-boot.actuator.v1+json || application/json],produces=[application/vnd.spring-boot.actuator.v1+json || application/json]}" onto public java.lang.Object org.springframework.boot.actuate.endpoint.mvc.LoggersMvcEndpoint.set(java.lang.String,java.util.Map<java.lang.String, java.lang.String>)
2018-04-10 10:32:09.678  INFO 9432 --- [           main] o.s.b.a.e.mvc.EndpointHandlerMapping     : Mapped "{[/loggers || /loggers.json],methods=[GET],produces=[application/vnd.spring-boot.actuator.v1+json || application/json]}" onto public java.lang.Object org.springframework.boot.actuate.endpoint.mvc.EndpointMvcAdapter.invoke()
2018-04-10 10:32:09.679  INFO 9432 --- [           main] o.s.b.a.e.mvc.EndpointHandlerMapping     : Mapped "{[/configprops || /configprops.json],methods=[GET],produces=[application/vnd.spring-boot.actuator.v1+json || application/json]}" onto public java.lang.Object org.springframework.boot.actuate.endpoint.mvc.EndpointMvcAdapter.invoke()
2018-04-10 10:32:09.680  INFO 9432 --- [           main] o.s.b.a.e.mvc.EndpointHandlerMapping     : Mapped "{[/mappings || /mappings.json],methods=[GET],produces=[application/vnd.spring-boot.actuator.v1+json || application/json]}" onto public java.lang.Object org.springframework.boot.actuate.endpoint.mvc.EndpointMvcAdapter.invoke()
2018-04-10 10:32:09.680  INFO 9432 --- [           main] o.s.b.a.e.mvc.EndpointHandlerMapping     : Mapped "{[/autoconfig || /autoconfig.json],methods=[GET],produces=[application/vnd.spring-boot.actuator.v1+json || application/json]}" onto public java.lang.Object org.springframework.boot.actuate.endpoint.mvc.EndpointMvcAdapter.invoke()
2018-04-10 10:32:09.681  INFO 9432 --- [           main] o.s.b.a.e.mvc.EndpointHandlerMapping     : Mapped "{[/trace || /trace.json],methods=[GET],produces=[application/vnd.spring-boot.actuator.v1+json || application/json]}" onto public java.lang.Object org.springframework.boot.actuate.endpoint.mvc.EndpointMvcAdapter.invoke()
2018-04-10 10:32:09.681  INFO 9432 --- [           main] o.s.b.a.e.mvc.EndpointHandlerMapping     : Mapped "{[/heapdump || /heapdump.json],methods=[GET],produces=[application/octet-stream]}" onto public void org.springframework.boot.actuate.endpoint.mvc.HeapdumpMvcEndpoint.invoke(boolean,javax.servlet.http.HttpServletRequest,javax.servlet.http.HttpServletResponse) throws java.io.IOException,javax.servlet.ServletException
2018-04-10 10:32:09.682  INFO 9432 --- [           main] o.s.b.a.e.mvc.EndpointHandlerMapping     : Mapped "{[/jolokia/**]}" onto public org.springframework.web.servlet.ModelAndView org.springframework.boot.actuate.endpoint.mvc.JolokiaMvcEndpoint.handle(javax.servlet.http.HttpServletRequest,javax.servlet.http.HttpServletResponse) throws java.lang.Exception
2018-04-10 10:32:09.683  INFO 9432 --- [           main] o.s.b.a.e.mvc.EndpointHandlerMapping     : Mapped "{[/beans || /beans.json],methods=[GET],produces=[application/vnd.spring-boot.actuator.v1+json || application/json]}" onto public java.lang.Object org.springframework.boot.actuate.endpoint.mvc.EndpointMvcAdapter.invoke()
2018-04-10 10:32:09.683  INFO 9432 --- [           main] o.s.b.a.e.mvc.EndpointHandlerMapping     : Mapped "{[/dump || /dump.json],methods=[GET],produces=[application/vnd.spring-boot.actuator.v1+json || application/json]}" onto public java.lang.Object org.springframework.boot.actuate.endpoint.mvc.EndpointMvcAdapter.invoke()
2018-04-10 10:32:09.695  INFO 9432 --- [           main] o.s.s.web.DefaultSecurityFilterChain     : Creating filter chain: OrRequestMatcher [requestMatchers=[Ant [pattern='/css/**'], Ant [pattern='/js/**'], Ant [pattern='/images/**'], Ant [pattern='/webjars/**'], Ant [pattern='/**/favicon.ico'], Ant [pattern='/error']]], []
2018-04-10 10:32:09.774  INFO 9432 --- [           main] o.s.s.web.DefaultSecurityFilterChain     : Creating filter chain: org.springframework.security.web.util.matcher.AnyRequestMatcher@1, [org.springframework.security.web.context.request.async.WebAsyncManagerIntegrationFilter@6cfd9a54, org.springframework.security.web.context.SecurityContextPersistenceFilter@13741d5a, org.springframework.security.web.header.HeaderWriterFilter@a0f53fc, org.springframework.security.web.csrf.CsrfFilter@71b6d77f, org.springframework.security.web.authentication.logout.LogoutFilter@1000d54d, org.springframework.security.web.authentication.www.BasicAuthenticationFilter@4f6b687e, org.springframework.security.web.savedrequest.RequestCacheAwareFilter@5c7668ba, org.springframework.security.web.servletapi.SecurityContextHolderAwareRequestFilter@7dd611c8, org.springframework.security.web.authentication.AnonymousAuthenticationFilter@78c1372d, org.springframework.security.web.session.SessionManagementFilter@5c448433, org.springframework.security.web.access.ExceptionTranslationFilter@690bc15e, org.springframework.security.web.access.intercept.FilterSecurityInterceptor@245ec1a6]
2018-04-10 10:32:09.780  INFO 9432 --- [           main] o.s.s.web.DefaultSecurityFilterChain     : Creating filter chain: org.springframework.boot.actuate.autoconfigure.ManagementWebSecurityAutoConfiguration$LazyEndpointPathRequestMatcher@741f8dbe, [org.springframework.security.web.context.request.async.WebAsyncManagerIntegrationFilter@212dfd39, org.springframework.security.web.context.SecurityContextPersistenceFilter@45404d5, org.springframework.security.web.header.HeaderWriterFilter@3c69362a, org.springframework.web.filter.CorsFilter@a2ddf26, org.springframework.security.web.authentication.logout.LogoutFilter@6dbcf214, org.springframework.security.web.authentication.www.BasicAuthenticationFilter@2e6f610d, org.springframework.security.web.savedrequest.RequestCacheAwareFilter@29138d3a, org.springframework.security.web.servletapi.SecurityContextHolderAwareRequestFilter@5cbe2654, org.springframework.security.web.authentication.AnonymousAuthenticationFilter@65d57e4e, org.springframework.security.web.session.SessionManagementFilter@2412a42b, org.springframework.security.web.access.ExceptionTranslationFilter@3f725306, org.springframework.security.web.access.intercept.FilterSecurityInterceptor@66f0548d]
2018-04-10 10:32:09.782  INFO 9432 --- [           main] o.s.s.web.DefaultSecurityFilterChain     : Creating filter chain: OrRequestMatcher [requestMatchers=[Ant [pattern='/**']]], [org.springframework.security.web.context.request.async.WebAsyncManagerIntegrationFilter@16e7b402, org.springframework.security.web.context.SecurityContextPersistenceFilter@2a2ef072, org.springframework.security.web.header.HeaderWriterFilter@17690e14, org.springframework.security.web.authentication.logout.LogoutFilter@4207609e, org.springframework.security.web.authentication.www.BasicAuthenticationFilter@1f77b5cc, org.springframework.security.web.savedrequest.RequestCacheAwareFilter@704641e3, org.springframework.security.web.servletapi.SecurityContextHolderAwareRequestFilter@2f00f851, org.springframework.security.web.authentication.AnonymousAuthenticationFilter@534c6767, org.springframework.security.web.session.SessionManagementFilter@6850b758, org.springframework.security.web.access.ExceptionTranslationFilter@7a8406c2, org.springframework.security.web.access.intercept.FilterSecurityInterceptor@2e179f3e]
2018-04-10 10:32:10.009  INFO 9432 --- [           main] o.s.w.s.v.f.FreeMarkerConfigurer         : ClassTemplateLoader for Spring macros added to FreeMarker configuration
2018-04-10 10:32:10.162  INFO 9432 --- [           main] c.q.m.CorsSampleActuatorApplicationTests : Started CorsSampleActuatorApplicationTests in 3.153 seconds (JVM running for 4.309)
]]></system-out>
  </testcase>
  <testcase name="preflightRequestToEndpointShouldReturnOk" classname="com.quark.module.CorsSampleActuatorApplicationTests" time="2.018">
    <error message="I/O error on OPTIONS request for &quot;http://localhost:8080/foo&quot;: Connect to localhost:8080 [localhost/127.0.0.1, localhost/0:0:0:0:0:0:0:1] failed: Connection refused: connect; nested exception is org.apache.http.conn.HttpHostConnectException: Connect to localhost:8080 [localhost/127.0.0.1, localhost/0:0:0:0:0:0:0:1] failed: Connection refused: connect" type="org.springframework.web.client.ResourceAccessException">org.springframework.web.client.ResourceAccessException: I/O error on OPTIONS request for "http://localhost:8080/foo": Connect to localhost:8080 [localhost/127.0.0.1, localhost/0:0:0:0:0:0:0:1] failed: Connection refused: connect; nested exception is org.apache.http.conn.HttpHostConnectException: Connect to localhost:8080 [localhost/127.0.0.1, localhost/0:0:0:0:0:0:0:1] failed: Connection refused: connect
	at java.net.DualStackPlainSocketImpl.connect0(Native Method)
	at java.net.DualStackPlainSocketImpl.socketConnect(DualStackPlainSocketImpl.java:79)
	at java.net.AbstractPlainSocketImpl.doConnect(AbstractPlainSocketImpl.java:350)
	at java.net.AbstractPlainSocketImpl.connectToAddress(AbstractPlainSocketImpl.java:206)
	at java.net.AbstractPlainSocketImpl.connect(AbstractPlainSocketImpl.java:188)
	at java.net.PlainSocketImpl.connect(PlainSocketImpl.java:172)
	at java.net.SocksSocketImpl.connect(SocksSocketImpl.java:392)
	at java.net.Socket.connect(Socket.java:589)
	at org.apache.http.conn.socket.PlainConnectionSocketFactory.connectSocket(PlainConnectionSocketFactory.java:75)
	at org.apache.http.impl.conn.DefaultHttpClientConnectionOperator.connect(DefaultHttpClientConnectionOperator.java:142)
	at org.apache.http.impl.conn.PoolingHttpClientConnectionManager.connect(PoolingHttpClientConnectionManager.java:359)
	at org.apache.http.impl.execchain.MainClientExec.establishRoute(MainClientExec.java:381)
	at org.apache.http.impl.execchain.MainClientExec.execute(MainClientExec.java:237)
	at org.apache.http.impl.execchain.ProtocolExec.execute(ProtocolExec.java:185)
	at org.apache.http.impl.execchain.RetryExec.execute(RetryExec.java:89)
	at org.apache.http.impl.execchain.RedirectExec.execute(RedirectExec.java:111)
	at org.apache.http.impl.client.InternalHttpClient.doExecute(InternalHttpClient.java:185)
	at org.apache.http.impl.client.CloseableHttpClient.execute(CloseableHttpClient.java:83)
	at org.apache.http.impl.client.CloseableHttpClient.execute(CloseableHttpClient.java:56)
	at org.springframework.http.client.HttpComponentsClientHttpRequest.executeInternal(HttpComponentsClientHttpRequest.java:89)
	at org.springframework.http.client.AbstractBufferingClientHttpRequest.executeInternal(AbstractBufferingClientHttpRequest.java:48)
	at org.springframework.http.client.AbstractClientHttpRequest.execute(AbstractClientHttpRequest.java:53)
	at org.springframework.web.client.RestTemplate.doExecute(RestTemplate.java:659)
	at org.springframework.web.client.RestTemplate.execute(RestTemplate.java:635)
	at org.springframework.web.client.RestTemplate.exchange(RestTemplate.java:597)
	at org.springframework.boot.test.web.client.TestRestTemplate.exchange(TestRestTemplate.java:888)
	at com.quark.module.CorsSampleActuatorApplicationTests.preflightRequestToEndpointShouldReturnOk(CorsSampleActuatorApplicationTests.java:74)
</error>
  </testcase>
  <testcase name="preflightRequestWhenCorsConfigInvalidShouldReturnForbidden" classname="com.quark.module.CorsSampleActuatorApplicationTests" time="2.038">
    <error message="I/O error on OPTIONS request for &quot;http://localhost:8080/foo&quot;: Connect to localhost:8080 [localhost/127.0.0.1, localhost/0:0:0:0:0:0:0:1] failed: Connection refused: connect; nested exception is org.apache.http.conn.HttpHostConnectException: Connect to localhost:8080 [localhost/127.0.0.1, localhost/0:0:0:0:0:0:0:1] failed: Connection refused: connect" type="org.springframework.web.client.ResourceAccessException">org.springframework.web.client.ResourceAccessException: I/O error on OPTIONS request for "http://localhost:8080/foo": Connect to localhost:8080 [localhost/127.0.0.1, localhost/0:0:0:0:0:0:0:1] failed: Connection refused: connect; nested exception is org.apache.http.conn.HttpHostConnectException: Connect to localhost:8080 [localhost/127.0.0.1, localhost/0:0:0:0:0:0:0:1] failed: Connection refused: connect
	at java.net.DualStackPlainSocketImpl.connect0(Native Method)
	at java.net.DualStackPlainSocketImpl.socketConnect(DualStackPlainSocketImpl.java:79)
	at java.net.AbstractPlainSocketImpl.doConnect(AbstractPlainSocketImpl.java:350)
	at java.net.AbstractPlainSocketImpl.connectToAddress(AbstractPlainSocketImpl.java:206)
	at java.net.AbstractPlainSocketImpl.connect(AbstractPlainSocketImpl.java:188)
	at java.net.PlainSocketImpl.connect(PlainSocketImpl.java:172)
	at java.net.SocksSocketImpl.connect(SocksSocketImpl.java:392)
	at java.net.Socket.connect(Socket.java:589)
	at org.apache.http.conn.socket.PlainConnectionSocketFactory.connectSocket(PlainConnectionSocketFactory.java:75)
	at org.apache.http.impl.conn.DefaultHttpClientConnectionOperator.connect(DefaultHttpClientConnectionOperator.java:142)
	at org.apache.http.impl.conn.PoolingHttpClientConnectionManager.connect(PoolingHttpClientConnectionManager.java:359)
	at org.apache.http.impl.execchain.MainClientExec.establishRoute(MainClientExec.java:381)
	at org.apache.http.impl.execchain.MainClientExec.execute(MainClientExec.java:237)
	at org.apache.http.impl.execchain.ProtocolExec.execute(ProtocolExec.java:185)
	at org.apache.http.impl.execchain.RetryExec.execute(RetryExec.java:89)
	at org.apache.http.impl.execchain.RedirectExec.execute(RedirectExec.java:111)
	at org.apache.http.impl.client.InternalHttpClient.doExecute(InternalHttpClient.java:185)
	at org.apache.http.impl.client.CloseableHttpClient.execute(CloseableHttpClient.java:83)
	at org.apache.http.impl.client.CloseableHttpClient.execute(CloseableHttpClient.java:56)
	at org.springframework.http.client.HttpComponentsClientHttpRequest.executeInternal(HttpComponentsClientHttpRequest.java:89)
	at org.springframework.http.client.AbstractBufferingClientHttpRequest.executeInternal(AbstractBufferingClientHttpRequest.java:48)
	at org.springframework.http.client.AbstractClientHttpRequest.execute(AbstractClientHttpRequest.java:53)
	at org.springframework.web.client.RestTemplate.doExecute(RestTemplate.java:659)
	at org.springframework.web.client.RestTemplate.execute(RestTemplate.java:635)
	at org.springframework.web.client.RestTemplate.exchange(RestTemplate.java:597)
	at org.springframework.boot.test.web.client.TestRestTemplate.exchange(TestRestTemplate.java:888)
	at com.quark.module.CorsSampleActuatorApplicationTests.preflightRequestWhenCorsConfigInvalidShouldReturnForbidden(CorsSampleActuatorApplicationTests.java:87)
</error>
  </testcase>
</testsuite>